2022-12-20 23:12:56.769 [info] Extension host with pid 3202 started
2022-12-20 23:12:56.788 [info] Lock '/root/.vscode-server/data/User/workspaceStorage/989b495c40b1095485c693855e19cf45/vscode.lock': Lock acquired.
2022-12-20 23:12:56.873 [info] ExtensionService#_doActivateExtension vscode.git-base, startup: true, activationEvent: '*', root cause: vscode.git
2022-12-20 23:12:56.971 [info] ExtensionService#_doActivateExtension vscode.git, startup: true, activationEvent: '*'
2022-12-20 23:12:56.972 [info] ExtensionService#_doActivateExtension vscode.github, startup: true, activationEvent: '*'
2022-12-20 23:12:57.558 [info] ExtensionService#_doActivateExtension vscode.debug-auto-launch, startup: false, activationEvent: 'onStartupFinished'
2022-12-20 23:12:57.558 [info] ExtensionService#_doActivateExtension vscode.emmet, startup: false, activationEvent: 'onStartupFinished'
2022-12-20 23:12:57.558 [info] ExtensionService#_doActivateExtension vscode.merge-conflict, startup: false, activationEvent: 'onStartupFinished'
2022-12-20 23:12:57.559 [info] Eager extensions activated
2022-12-20 23:46:11.000 [info] Extension host terminating: renderer disconnected for too long (2)
2022-12-20 23:46:11.001 [info] Lock '/root/.vscode-server/data/User/workspaceStorage/989b495c40b1095485c693855e19cf45/vscode.lock': Marking the lockfile as scheduled to be released in 6000 ms.
2022-12-20 23:46:11.013 [info] Extension host with pid 3202 exiting with code 0
2022-12-20 23:55:22.406 [info] Extension host with pid 3943 started
2022-12-20 23:55:22.412 [info] Lock '/root/.vscode-server/data/User/workspaceStorage/989b495c40b1095485c693855e19cf45/vscode.lock': Lock acquired.
2022-12-20 23:55:22.606 [info] ExtensionService#_doActivateExtension vscode.git-base, startup: false, activationEvent: 'onFileSystem:git', root cause: vscode.git
2022-12-20 23:55:22.654 [info] ExtensionService#_doActivateExtension vscode.git, startup: false, activationEvent: 'onFileSystem:git'
2022-12-20 23:55:22.654 [info] ExtensionService#_doActivateExtension vscode.github, startup: true, activationEvent: '*'
2022-12-20 23:55:22.883 [info] ExtensionService#_doActivateExtension vscode.debug-auto-launch, startup: false, activationEvent: 'onStartupFinished'
2022-12-20 23:55:22.883 [info] ExtensionService#_doActivateExtension vscode.emmet, startup: false, activationEvent: 'onStartupFinished'
2022-12-20 23:55:22.884 [info] ExtensionService#_doActivateExtension vscode.merge-conflict, startup: false, activationEvent: 'onStartupFinished'
2022-12-20 23:55:22.884 [info] Eager extensions activated
2022-12-21 01:53:27.472 [info] Extension host terminating: received terminate message from renderer
2022-12-21 01:53:27.472 [info] Lock '/root/.vscode-server/data/User/workspaceStorage/989b495c40b1095485c693855e19cf45/vscode.lock': Marking the lockfile as scheduled to be released in 6000 ms.
2022-12-21 01:53:27.485 [info] Extension host with pid 3943 exiting with code 0
