2022-12-21 02:45:32.467 [info] Log level: Info
2022-12-21 02:45:32.467 [info] Validating found git in: "git"
2022-12-21 02:45:32.468 [info] Using git "1.8.3.1" from "git"
2022-12-21 02:45:32.468 [info] > git rev-parse --show-toplevel [65ms]
2022-12-21 02:45:32.468 [info] > git rev-parse --git-dir --git-common-dir [1ms]
2022-12-21 02:45:32.468 [info] Open repository: /root/oct_devops_2022_ansible
2022-12-21 02:45:32.468 [warning] ENOENT: no such file or directory, open '/root/oct_devops_2022_ansible/--git-common-dir/config'
2022-12-21 02:45:32.468 [info] > git rev-parse --show-toplevel [17ms]
2022-12-21 02:45:32.468 [info] > git rev-parse --show-toplevel [2ms]
2022-12-21 02:45:32.468 [info] > git config --get commit.template [18ms]
2022-12-21 02:45:32.468 [info] > git remote --verbose [24ms]
2022-12-21 02:45:32.468 [info] > git rev-parse --show-toplevel [2ms]
2022-12-21 02:45:32.468 [info] > git for-each-ref --format=%(refname)%00%(upstream:short)%00%(objectname) refs/heads/main refs/remotes/main [1ms]
2022-12-21 02:45:32.468 [info] > git rev-list --left-right --count main...origin/main [1ms]
2022-12-21 02:45:32.469 [info] > git status -z -uall [7ms]
2022-12-21 02:45:32.469 [info] > git for-each-ref --sort -committerdate --format %(refname) %(objectname) %(*objectname) [1ms]
2022-12-21 02:45:32.469 [warning] ENOENT: no such file or directory, open '/root/oct_devops_2022_ansible/--git-common-dir/config'
2022-12-21 02:45:32.469 [info] > git config --get commit.template [1ms]
2022-12-21 02:45:32.469 [info] > git remote --verbose [6ms]
2022-12-21 02:45:32.469 [info] > git for-each-ref --format=%(refname)%00%(upstream:short)%00%(objectname) refs/heads/main refs/remotes/main [2ms]
2022-12-21 02:45:32.469 [info] > git rev-list --left-right --count main...origin/main [1ms]
2022-12-21 02:45:32.469 [info] > git status -z -uall [6ms]
2022-12-21 02:45:32.469 [info] > git for-each-ref --sort -committerdate --format %(refname) %(objectname) %(*objectname) [1ms]
2022-12-21 02:45:32.469 [info] > git show --textconv :Class2/hostname.yml [7ms]
2022-12-21 02:45:32.469 [info] > git ls-files --stage -- /root/oct_devops_2022_ansible/Class2/hostname.yml [0ms]
2022-12-21 02:45:32.469 [info] > git cat-file -s 871714f1cba978c3b7cf3524505e16fb65da1817 [1ms]
2022-12-21 02:45:32.555 [info] > git check-ignore -v -z --stdin [2ms]
2022-12-21 02:45:42.963 [info] > git show --textconv :Class2/apache.yml [9ms]
2022-12-21 02:45:42.963 [info] > git ls-files --stage -- /root/oct_devops_2022_ansible/Class2/apache.yml [1ms]
2022-12-21 02:45:42.973 [info] > git cat-file -s faf36260494cc26f0bf36a591040336958fedfdc [2ms]
2022-12-21 03:01:56.240 [info] > git log --oneline --cherry main...main@{upstream} -- [1ms]
2022-12-21 03:01:56.648 [info] > git pull --tags origin main [401ms]
2022-12-21 03:01:56.648 [info] From github.com:Evolve-Cyber-Organization/oct_devops_2022_ansible
 * branch            main       -> FETCH_HEAD
2022-12-21 03:01:56.654 [warning] ENOENT: no such file or directory, open '/root/oct_devops_2022_ansible/--git-common-dir/config'
2022-12-21 03:01:56.662 [info] > git config --get commit.template [1ms]
2022-12-21 03:01:56.662 [info] > git remote --verbose [8ms]
2022-12-21 03:01:56.669 [info] > git for-each-ref --format=%(refname)%00%(upstream:short)%00%(objectname) refs/heads/main refs/remotes/main [0ms]
2022-12-21 03:01:56.676 [info] > git rev-list --left-right --count main...origin/main [1ms]
2022-12-21 03:01:56.690 [info] > git status -z -uall [7ms]
2022-12-21 03:01:56.690 [info] > git for-each-ref --sort -committerdate --format %(refname) %(objectname) %(*objectname) [1ms]
2022-12-21 03:01:57.840 [warning] ENOENT: no such file or directory, open '/root/oct_devops_2022_ansible/--git-common-dir/config'
2022-12-21 03:01:57.846 [info] > git config --get commit.template [1ms]
2022-12-21 03:01:57.847 [info] > git remote --verbose [7ms]
2022-12-21 03:01:57.854 [info] > git for-each-ref --format=%(refname)%00%(upstream:short)%00%(objectname) refs/heads/main refs/remotes/main [1ms]
2022-12-21 03:01:57.862 [info] > git rev-list --left-right --count main...origin/main [0ms]
2022-12-21 03:01:57.882 [info] > git status -z -uall [7ms]
2022-12-21 03:01:57.883 [info] > git for-each-ref --sort -committerdate --format %(refname) %(objectname) %(*objectname) [1ms]
2022-12-21 03:01:58.022 [info] > git ls-files --stage -- /root/oct_devops_2022_ansible/Class2/apache.yml [0ms]
2022-12-21 03:01:58.029 [info] > git cat-file -s faf36260494cc26f0bf36a591040336958fedfdc [0ms]
2022-12-21 03:01:58.127 [info] > git show --textconv :Class2/apache.yml [1ms]
2022-12-21 03:01:59.207 [info] > git ls-files --stage -- /root/oct_devops_2022_ansible/Class2/apache.yml [1ms]
2022-12-21 03:01:59.216 [info] > git cat-file -s faf36260494cc26f0bf36a591040336958fedfdc [1ms]
2022-12-21 03:01:59.303 [info] > git show --textconv :Class2/apache.yml [1ms]
2022-12-21 03:02:02.895 [warning] ENOENT: no such file or directory, open '/root/oct_devops_2022_ansible/--git-common-dir/config'
2022-12-21 03:02:02.901 [info] > git config --get commit.template [1ms]
2022-12-21 03:02:02.901 [info] > git remote --verbose [7ms]
2022-12-21 03:02:02.909 [info] > git for-each-ref --format=%(refname)%00%(upstream:short)%00%(objectname) refs/heads/main refs/remotes/main [1ms]
2022-12-21 03:02:02.915 [info] > git rev-list --left-right --count main...origin/main [1ms]
2022-12-21 03:02:02.933 [info] > git status -z -uall [11ms]
2022-12-21 03:02:02.933 [info] > git for-each-ref --sort -committerdate --format %(refname) %(objectname) %(*objectname) [1ms]
2022-12-21 03:02:05.804 [info] > git check-ignore -v -z --stdin [2ms]
2022-12-21 03:02:18.745 [info] > git show --textconv :Class2/test.yml [6ms]
2022-12-21 03:02:18.746 [info] > git ls-files --stage -- /root/oct_devops_2022_ansible/Class2/test.yml [1ms]
2022-12-21 03:02:18.752 [info] > git cat-file -s 9d85c6356ab757dd9e985ee73fa452a7b074b49d [1ms]
