2022-12-20 17:08:56.387 [info] Extension host with pid 28531 started
2022-12-20 17:08:56.390 [error] Error: EEXIST: file already exists, open '/root/.vscode-server/data/User/workspaceStorage/c3bd11209b3bb4e700c75b7ad5ec91b1/vscode.lock'
2022-12-20 17:08:56.395 [error] SyntaxError: Unexpected end of JSON input
    at JSON.parse (<anonymous>)
    at g (/root/.vscode-server/bin/1ad8d514439d5077d2b0b7ee64d2ce82a9308e5a/out/vs/workbench/api/node/extensionHostProcess.js:101:3236)
    at async d (/root/.vscode-server/bin/1ad8d514439d5077d2b0b7ee64d2ce82a9308e5a/out/vs/workbench/api/node/extensionHostProcess.js:101:2877)
    at async R.g (/root/.vscode-server/bin/1ad8d514439d5077d2b0b7ee64d2ce82a9308e5a/out/vs/workbench/api/node/extensionHostProcess.js:101:1680)
    at async R.h (/root/.vscode-server/bin/1ad8d514439d5077d2b0b7ee64d2ce82a9308e5a/out/vs/workbench/api/node/extensionHostProcess.js:96:122611)
2022-12-20 17:08:56.395 [info] Lock '/root/.vscode-server/data/User/workspaceStorage/c3bd11209b3bb4e700c75b7ad5ec91b1/vscode.lock': Could not acquire lock, checking if the file is stale.
2022-12-20 17:08:56.402 [error] SyntaxError: Unexpected end of JSON input
	at JSON.parse (<anonymous>)
	at g (/root/.vscode-server/bin/1ad8d514439d5077d2b0b7ee64d2ce82a9308e5a/out/vs/workbench/api/node/extensionHostProcess.js:101:3236)
	at async m (/root/.vscode-server/bin/1ad8d514439d5077d2b0b7ee64d2ce82a9308e5a/out/vs/workbench/api/node/extensionHostProcess.js:101:3491)
	at async R.g (/root/.vscode-server/bin/1ad8d514439d5077d2b0b7ee64d2ce82a9308e5a/out/vs/workbench/api/node/extensionHostProcess.js:101:1680)
	at async R.h (/root/.vscode-server/bin/1ad8d514439d5077d2b0b7ee64d2ce82a9308e5a/out/vs/workbench/api/node/extensionHostProcess.js:96:122611)
2022-12-20 17:08:56.402 [info] Lock '/root/.vscode-server/data/User/workspaceStorage/c3bd11209b3bb4e700c75b7ad5ec91b1/vscode.lock': Could not read pid of lock holder.
2022-12-20 17:08:56.403 [info] Lock '/root/.vscode-server/data/User/workspaceStorage/c3bd11209b3bb4e700c75b7ad5ec91b1/vscode.lock': Deleting a stale lock.
2022-12-20 17:08:56.406 [info] Lock '/root/.vscode-server/data/User/workspaceStorage/c3bd11209b3bb4e700c75b7ad5ec91b1/vscode.lock': Lock acquired.
2022-12-20 17:08:56.562 [info] ExtensionService#_doActivateExtension vscode.git-base, startup: true, activationEvent: '*', root cause: vscode.git
2022-12-20 17:08:57.177 [info] ExtensionService#_doActivateExtension vscode.git, startup: true, activationEvent: '*'
2022-12-20 17:08:57.177 [info] ExtensionService#_doActivateExtension vscode.github, startup: true, activationEvent: '*'
2022-12-20 17:08:57.478 [info] ExtensionService#_doActivateExtension vscode.debug-auto-launch, startup: false, activationEvent: 'onStartupFinished'
2022-12-20 17:08:57.478 [info] ExtensionService#_doActivateExtension vscode.emmet, startup: false, activationEvent: 'onStartupFinished'
2022-12-20 17:08:57.479 [info] ExtensionService#_doActivateExtension vscode.merge-conflict, startup: false, activationEvent: 'onStartupFinished'
2022-12-20 17:08:57.479 [info] Eager extensions activated
2022-12-20 17:44:48.295 [info] Extension host terminating: received terminate message from renderer
2022-12-20 17:44:48.296 [info] Lock '/root/.vscode-server/data/User/workspaceStorage/c3bd11209b3bb4e700c75b7ad5ec91b1/vscode.lock': Marking the lockfile as scheduled to be released in 6000 ms.
2022-12-20 17:44:48.312 [info] Extension host with pid 28531 exiting with code 0
