2022-12-20 19:36:01.790 [info] Extension host with pid 30664 started
2022-12-20 19:36:01.804 [info] Lock '/root/.vscode-server/data/User/workspaceStorage/989b495c40b1095485c693855e19cf45/vscode.lock': Lock acquired.
2022-12-20 19:36:02.106 [info] ExtensionService#_doActivateExtension vscode.git-base, startup: true, activationEvent: '*', root cause: vscode.git
2022-12-20 19:36:02.167 [info] ExtensionService#_doActivateExtension vscode.git, startup: true, activationEvent: '*'
2022-12-20 19:36:02.167 [info] ExtensionService#_doActivateExtension vscode.github, startup: true, activationEvent: '*'
2022-12-20 19:36:02.710 [info] ExtensionService#_doActivateExtension vscode.debug-auto-launch, startup: false, activationEvent: 'onStartupFinished'
2022-12-20 19:36:02.710 [info] ExtensionService#_doActivateExtension vscode.emmet, startup: false, activationEvent: 'onStartupFinished'
2022-12-20 19:36:02.711 [info] ExtensionService#_doActivateExtension vscode.merge-conflict, startup: false, activationEvent: 'onStartupFinished'
2022-12-20 19:36:02.711 [info] Eager extensions activated
2022-12-20 19:47:42.768 [info] ExtensionService#_doActivateExtension vscode.configuration-editing, startup: false, activationEvent: 'onLanguage:jsonc'
2022-12-20 19:47:42.769 [info] ExtensionService#_doActivateExtension vscode.json-language-features, startup: false, activationEvent: 'onLanguage:jsonc'
2022-12-20 19:47:42.769 [info] ExtensionService#_doActivateExtension vscode.typescript-language-features, startup: false, activationEvent: 'onLanguage:jsonc'
2022-12-20 20:39:12.713 [info] Extension host terminating: renderer disconnected for too long (2)
2022-12-20 20:39:12.714 [info] Lock '/root/.vscode-server/data/User/workspaceStorage/989b495c40b1095485c693855e19cf45/vscode.lock': Marking the lockfile as scheduled to be released in 6000 ms.
2022-12-20 20:39:12.731 [error] Canceled: Canceled
	at new k (/root/.vscode-server/bin/1ad8d514439d5077d2b0b7ee64d2ce82a9308e5a/out/vs/workbench/api/node/extensionHostProcess.js:94:87831)
	at u.O (/root/.vscode-server/bin/1ad8d514439d5077d2b0b7ee64d2ce82a9308e5a/out/vs/workbench/api/node/extensionHostProcess.js:104:11245)
	at Proxy.G.<computed>.O.charCodeAt.G.<computed> (/root/.vscode-server/bin/1ad8d514439d5077d2b0b7ee64d2ce82a9308e5a/out/vs/workbench/api/node/extensionHostProcess.js:104:8535)
	at I.showMessage (/root/.vscode-server/bin/1ad8d514439d5077d2b0b7ee64d2ce82a9308e5a/out/vs/workbench/api/node/extensionHostProcess.js:96:77068)
	at Object.showErrorMessage (/root/.vscode-server/bin/1ad8d514439d5077d2b0b7ee64d2ce82a9308e5a/out/vs/workbench/api/node/extensionHostProcess.js:115:40247)
	at /root/.vscode-server/bin/1ad8d514439d5077d2b0b7ee64d2ce82a9308e5a/extensions/git/dist/main.js:2:1989851
	at runMicrotasks (<anonymous>)
	at processTicksAndRejections (node:internal/process/task_queues:96:5)
	at async s.h (/root/.vscode-server/bin/1ad8d514439d5077d2b0b7ee64d2ce82a9308e5a/out/vs/workbench/api/node/extensionHostProcess.js:94:107614) git.commit {"value":"vscode.git","c":"vscode.git"}
2022-12-20 20:39:12.742 [info] Extension host with pid 30664 exiting with code 0
2022-12-20 20:42:18.970 [info] Extension host with pid 32521 started
2022-12-20 20:42:18.977 [info] Lock '/root/.vscode-server/data/User/workspaceStorage/989b495c40b1095485c693855e19cf45/vscode.lock': Lock acquired.
2022-12-20 20:42:19.074 [info] ExtensionService#_doActivateExtension vscode.git-base, startup: false, activationEvent: 'onFileSystem:git', root cause: vscode.git
2022-12-20 20:42:19.075 [info] ExtensionService#_doActivateExtension vscode.configuration-editing, startup: false, activationEvent: 'onLanguage:jsonc'
2022-12-20 20:42:19.076 [info] ExtensionService#_doActivateExtension vscode.json-language-features, startup: false, activationEvent: 'onLanguage:jsonc'
2022-12-20 20:42:19.076 [info] ExtensionService#_doActivateExtension vscode.typescript-language-features, startup: false, activationEvent: 'onLanguage:jsonc'
2022-12-20 20:42:19.421 [info] ExtensionService#_doActivateExtension vscode.git, startup: false, activationEvent: 'onFileSystem:git'
2022-12-20 20:42:19.422 [info] ExtensionService#_doActivateExtension vscode.github, startup: true, activationEvent: '*'
2022-12-20 20:42:19.846 [info] ExtensionService#_doActivateExtension vscode.debug-auto-launch, startup: false, activationEvent: 'onStartupFinished'
2022-12-20 20:42:19.847 [info] ExtensionService#_doActivateExtension vscode.emmet, startup: false, activationEvent: 'onStartupFinished'
2022-12-20 20:42:19.847 [info] ExtensionService#_doActivateExtension vscode.merge-conflict, startup: false, activationEvent: 'onStartupFinished'
2022-12-20 20:42:19.848 [info] Eager extensions activated
2022-12-20 21:08:25.875 [info] Extension host terminating: renderer disconnected for too long (2)
2022-12-20 21:08:25.876 [info] Lock '/root/.vscode-server/data/User/workspaceStorage/989b495c40b1095485c693855e19cf45/vscode.lock': Marking the lockfile as scheduled to be released in 6000 ms.
2022-12-20 21:08:25.893 [info] Extension host with pid 32521 exiting with code 0
2022-12-20 21:10:06.919 [info] Extension host with pid 592 started
2022-12-20 21:10:06.927 [info] Lock '/root/.vscode-server/data/User/workspaceStorage/989b495c40b1095485c693855e19cf45/vscode.lock': Lock acquired.
2022-12-20 21:10:07.008 [info] ExtensionService#_doActivateExtension vscode.git-base, startup: false, activationEvent: 'onFileSystem:git', root cause: vscode.git
2022-12-20 21:10:07.009 [info] ExtensionService#_doActivateExtension vscode.configuration-editing, startup: false, activationEvent: 'onLanguage:jsonc'
2022-12-20 21:10:07.010 [info] ExtensionService#_doActivateExtension vscode.json-language-features, startup: false, activationEvent: 'onLanguage:jsonc'
2022-12-20 21:10:07.010 [info] ExtensionService#_doActivateExtension vscode.typescript-language-features, startup: false, activationEvent: 'onLanguage:jsonc'
2022-12-20 21:10:17.014 [info] ExtensionService#_doActivateExtension vscode.debug-auto-launch, startup: false, activationEvent: 'onStartupFinished'
2022-12-20 21:10:17.014 [info] ExtensionService#_doActivateExtension vscode.emmet, startup: false, activationEvent: 'onStartupFinished'
2022-12-20 21:10:17.015 [info] ExtensionService#_doActivateExtension vscode.merge-conflict, startup: false, activationEvent: 'onStartupFinished'
2022-12-20 21:25:59.005 [info] ExtensionService#_doActivateExtension vscode.git, startup: false, activationEvent: 'onFileSystem:git'
2022-12-20 21:25:59.005 [info] ExtensionService#_doActivateExtension vscode.github, startup: true, activationEvent: '*'
2022-12-20 21:25:59.453 [info] Eager extensions activated
2022-12-20 22:51:15.605 [info] Extension host terminating: renderer disconnected for too long (2)
2022-12-20 22:51:15.605 [info] Lock '/root/.vscode-server/data/User/workspaceStorage/989b495c40b1095485c693855e19cf45/vscode.lock': Marking the lockfile as scheduled to be released in 6000 ms.
2022-12-20 22:51:15.622 [info] Extension host with pid 592 exiting with code 0
