2022-12-17 20:44:33.239 [info] Log level: Info
2022-12-17 20:44:33.239 [info] Validating found git in: "git"
2022-12-17 20:44:33.239 [info] Using git "1.8.3.1" from "git"
2022-12-17 20:44:33.240 [info] > git rev-parse --show-toplevel [5ms]
2022-12-17 20:44:33.240 [info] > git rev-parse --git-dir --git-common-dir [1ms]
2022-12-17 20:44:33.240 [info] Open repository: /root/oct_devops_2022_ansible
2022-12-17 20:44:33.240 [warning] ENOENT: no such file or directory, open '/root/oct_devops_2022_ansible/--git-common-dir/config'
2022-12-17 20:44:33.240 [info] > git config --get commit.template [9ms]
2022-12-17 20:44:33.240 [info] > git remote --verbose [18ms]
2022-12-17 20:44:33.240 [info] > git for-each-ref --format=%(refname)%00%(upstream:short)%00%(objectname) refs/heads/main refs/remotes/main [1ms]
2022-12-17 20:44:33.240 [info] > git rev-list --left-right --count main...origin/main [1ms]
2022-12-17 20:44:33.240 [info] > git status -z -uall [10ms]
2022-12-17 20:44:33.240 [info] > git for-each-ref --sort -committerdate --format %(refname) %(objectname) %(*objectname) [2ms]
2022-12-17 20:44:33.240 [warning] ENOENT: no such file or directory, open '/root/oct_devops_2022_ansible/--git-common-dir/config'
2022-12-17 20:44:33.240 [info] > git config --get commit.template [6ms]
2022-12-17 20:44:33.240 [info] > git remote --verbose [15ms]
2022-12-17 20:44:33.240 [info] > git for-each-ref --format=%(refname)%00%(upstream:short)%00%(objectname) refs/heads/main refs/remotes/main [1ms]
2022-12-17 20:44:33.240 [info] > git rev-list --left-right --count main...origin/main [1ms]
2022-12-17 20:44:33.240 [info] > git status -z -uall [8ms]
2022-12-17 20:44:33.240 [info] > git for-each-ref --sort -committerdate --format %(refname) %(objectname) %(*objectname) [2ms]
2022-12-17 20:44:33.623 [info] > git check-ignore -v -z --stdin [2ms]
2022-12-17 20:44:34.168 [warning] ENOENT: no such file or directory, open '/root/oct_devops_2022_ansible/--git-common-dir/config'
2022-12-17 20:44:34.175 [info] > git config --get commit.template [0ms]
2022-12-17 20:44:34.175 [info] > git remote --verbose [7ms]
2022-12-17 20:44:34.182 [info] > git for-each-ref --format=%(refname)%00%(upstream:short)%00%(objectname) refs/heads/main refs/remotes/main [1ms]
2022-12-17 20:44:34.188 [info] > git rev-list --left-right --count main...origin/main [0ms]
2022-12-17 20:44:34.202 [info] > git status -z -uall [6ms]
2022-12-17 20:44:34.202 [info] > git for-each-ref --sort -committerdate --format %(refname) %(objectname) %(*objectname) [1ms]
2022-12-17 20:44:36.134 [info] > git show --textconv :README.md [19ms]
2022-12-17 20:44:36.134 [info] > git ls-files --stage -- /root/oct_devops_2022_ansible/README.md [1ms]
2022-12-17 20:44:36.153 [info] > git cat-file -s f2e62e1dc4e35293b9c32f08244db345f9e08578 [1ms]
2022-12-17 22:23:42.426 [info] > git log --oneline --cherry main...main@{upstream} -- [1ms]
2022-12-17 22:23:42.911 [info] > git pull --tags origin main [475ms]
2022-12-17 22:23:42.911 [info] From github.com:Evolve-Cyber-Organization/oct_devops_2022_ansible
 * branch            main       -> FETCH_HEAD
2022-12-17 22:23:42.918 [warning] ENOENT: no such file or directory, open '/root/oct_devops_2022_ansible/--git-common-dir/config'
2022-12-17 22:23:42.926 [info] > git config --get commit.template [1ms]
2022-12-17 22:23:42.926 [info] > git remote --verbose [8ms]
2022-12-17 22:23:42.933 [info] > git for-each-ref --format=%(refname)%00%(upstream:short)%00%(objectname) refs/heads/main refs/remotes/main [0ms]
2022-12-17 22:23:42.941 [info] > git rev-list --left-right --count main...origin/main [0ms]
2022-12-17 22:23:42.957 [info] > git status -z -uall [7ms]
2022-12-17 22:23:42.957 [info] > git for-each-ref --sort -committerdate --format %(refname) %(objectname) %(*objectname) [1ms]
2022-12-17 22:23:44.074 [warning] ENOENT: no such file or directory, open '/root/oct_devops_2022_ansible/--git-common-dir/config'
2022-12-17 22:23:44.083 [info] > git config --get commit.template [1ms]
2022-12-17 22:23:44.084 [info] > git remote --verbose [9ms]
2022-12-17 22:23:44.092 [info] > git for-each-ref --format=%(refname)%00%(upstream:short)%00%(objectname) refs/heads/main refs/remotes/main [0ms]
2022-12-17 22:23:44.099 [info] > git rev-list --left-right --count main...origin/main [0ms]
2022-12-17 22:23:44.118 [info] > git status -z -uall [8ms]
2022-12-17 22:23:44.118 [info] > git for-each-ref --sort -committerdate --format %(refname) %(objectname) %(*objectname) [1ms]
2022-12-17 22:23:44.203 [info] > git ls-files --stage -- /root/oct_devops_2022_ansible/README.md [1ms]
2022-12-17 22:23:44.210 [info] > git cat-file -s f2e62e1dc4e35293b9c32f08244db345f9e08578 [0ms]
2022-12-17 22:23:44.255 [info] > git show --textconv :README.md [0ms]
2022-12-17 22:23:45.330 [info] > git ls-files --stage -- /root/oct_devops_2022_ansible/README.md [1ms]
2022-12-17 22:23:45.338 [info] > git cat-file -s f2e62e1dc4e35293b9c32f08244db345f9e08578 [1ms]
2022-12-17 22:23:45.386 [info] > git show --textconv :README.md [0ms]
2022-12-17 22:23:49.128 [warning] ENOENT: no such file or directory, open '/root/oct_devops_2022_ansible/--git-common-dir/config'
2022-12-17 22:23:49.136 [info] > git config --get commit.template [1ms]
2022-12-17 22:23:49.136 [info] > git remote --verbose [8ms]
2022-12-17 22:23:49.144 [info] > git for-each-ref --format=%(refname)%00%(upstream:short)%00%(objectname) refs/heads/main refs/remotes/main [1ms]
2022-12-17 22:23:49.151 [info] > git rev-list --left-right --count main...origin/main [0ms]
2022-12-17 22:23:49.167 [info] > git status -z -uall [8ms]
2022-12-17 22:23:49.167 [info] > git for-each-ref --sort -committerdate --format %(refname) %(objectname) %(*objectname) [1ms]
2022-12-17 22:24:02.646 [info] > git check-ignore -v -z --stdin [2ms]
2022-12-17 22:24:06.236 [info] > git check-ignore -v -z --stdin [1ms]
2022-12-17 22:24:07.665 [info] > git show --textconv :Class1/install.yml [8ms]
2022-12-17 22:24:07.665 [info] > git ls-files --stage -- /root/oct_devops_2022_ansible/Class1/install.yml [1ms]
2022-12-17 22:24:07.673 [info] > git cat-file -s 2c1d8457ccbe249581bea89ddd40b06118ad9044 [2ms]
2022-12-17 22:27:41.212 [info] > git show --textconv :README.md [8ms]
2022-12-17 22:27:41.212 [info] > git ls-files --stage -- /root/oct_devops_2022_ansible/README.md [1ms]
2022-12-17 22:27:41.221 [info] > git cat-file -s f2e62e1dc4e35293b9c32f08244db345f9e08578 [2ms]
2022-12-17 22:27:42.896 [info] > git show --textconv :Class1/install.yml [8ms]
2022-12-17 22:27:42.896 [info] > git ls-files --stage -- /root/oct_devops_2022_ansible/Class1/install.yml [1ms]
2022-12-17 22:27:42.904 [info] > git cat-file -s 2c1d8457ccbe249581bea89ddd40b06118ad9044 [2ms]
2022-12-17 22:55:38.954 [info] > git log --oneline --cherry main...main@{upstream} -- [1ms]
2022-12-17 22:55:39.361 [info] > git pull --tags origin main [399ms]
2022-12-17 22:55:39.362 [info] From github.com:Evolve-Cyber-Organization/oct_devops_2022_ansible
 * branch            main       -> FETCH_HEAD
2022-12-17 22:55:39.369 [warning] ENOENT: no such file or directory, open '/root/oct_devops_2022_ansible/--git-common-dir/config'
2022-12-17 22:55:39.377 [info] > git config --get commit.template [0ms]
2022-12-17 22:55:39.377 [info] > git remote --verbose [8ms]
2022-12-17 22:55:39.384 [info] > git for-each-ref --format=%(refname)%00%(upstream:short)%00%(objectname) refs/heads/main refs/remotes/main [0ms]
2022-12-17 22:55:39.392 [info] > git rev-list --left-right --count main...origin/main [1ms]
2022-12-17 22:55:39.407 [info] > git status -z -uall [7ms]
2022-12-17 22:55:39.407 [info] > git for-each-ref --sort -committerdate --format %(refname) %(objectname) %(*objectname) [1ms]
2022-12-17 22:55:40.500 [warning] ENOENT: no such file or directory, open '/root/oct_devops_2022_ansible/--git-common-dir/config'
2022-12-17 22:55:40.510 [info] > git config --get commit.template [1ms]
2022-12-17 22:55:40.510 [info] > git remote --verbose [11ms]
2022-12-17 22:55:40.520 [info] > git for-each-ref --format=%(refname)%00%(upstream:short)%00%(objectname) refs/heads/main refs/remotes/main [0ms]
2022-12-17 22:55:40.528 [info] > git rev-list --left-right --count main...origin/main [1ms]
2022-12-17 22:55:40.544 [info] > git status -z -uall [8ms]
2022-12-17 22:55:40.545 [info] > git for-each-ref --sort -committerdate --format %(refname) %(objectname) %(*objectname) [1ms]
2022-12-17 22:55:40.633 [info] > git ls-files --stage -- /root/oct_devops_2022_ansible/Class1/install.yml [1ms]
2022-12-17 22:55:40.641 [info] > git cat-file -s 11482d4f8a849f917313c03d0184755d5410ec89 [0ms]
2022-12-17 22:55:40.679 [info] > git show --textconv :Class1/install.yml [0ms]
2022-12-17 22:55:41.764 [info] > git ls-files --stage -- /root/oct_devops_2022_ansible/Class1/install.yml [1ms]
2022-12-17 22:55:41.771 [info] > git cat-file -s 11482d4f8a849f917313c03d0184755d5410ec89 [0ms]
2022-12-17 22:55:41.810 [info] > git show --textconv :Class1/install.yml [1ms]
2022-12-17 22:55:45.558 [warning] ENOENT: no such file or directory, open '/root/oct_devops_2022_ansible/--git-common-dir/config'
2022-12-17 22:55:45.565 [info] > git config --get commit.template [1ms]
2022-12-17 22:55:45.566 [info] > git remote --verbose [8ms]
2022-12-17 22:55:45.574 [info] > git for-each-ref --format=%(refname)%00%(upstream:short)%00%(objectname) refs/heads/main refs/remotes/main [0ms]
2022-12-17 22:55:45.584 [info] > git rev-list --left-right --count main...origin/main [1ms]
2022-12-17 22:55:45.599 [info] > git status -z -uall [8ms]
2022-12-17 22:55:45.599 [info] > git for-each-ref --sort -committerdate --format %(refname) %(objectname) %(*objectname) [1ms]
2022-12-17 23:03:01.598 [info] > git check-ignore -v -z --stdin [2ms]
