2022-12-20 23:11:32.489 [info] Log level: Info
2022-12-20 23:11:32.489 [info] Validating found git in: "git"
2022-12-20 23:11:32.489 [info] Using git "1.8.3.1" from "git"
2022-12-20 23:11:32.489 [info] > git rev-parse --show-toplevel [57ms]
2022-12-20 23:11:32.489 [info] > git rev-parse --git-dir --git-common-dir [1ms]
2022-12-20 23:11:32.489 [info] Open repository: /root/task1
2022-12-20 23:11:32.489 [warning] ENOENT: no such file or directory, open '/root/task1/--git-common-dir/config'
2022-12-20 23:11:32.489 [info] > git rev-parse --show-toplevel [20ms]
2022-12-20 23:11:32.489 [info] > git rev-parse --git-dir --git-common-dir [1ms]
2022-12-20 23:11:32.490 [info] Open repository: /root/task1/ansible-task1
2022-12-20 23:11:32.490 [info] > git config --get commit.template [22ms]
2022-12-20 23:11:32.490 [info] > git remote --verbose [29ms]
2022-12-20 23:11:32.490 [warning] ENOENT: no such file or directory, open '/root/task1/ansible-task1/--git-common-dir/config'
2022-12-20 23:11:32.490 [info] > git config --get commit.template [9ms]
2022-12-20 23:11:32.490 [info] > git remote --verbose [15ms]
2022-12-20 23:11:32.490 [info] > git for-each-ref --format=%(refname)%00%(upstream:short)%00%(objectname) refs/heads/master refs/remotes/master [2ms]
2022-12-20 23:11:32.490 [info] > git rev-list --left-right --count master...origin/master [1ms]
2022-12-20 23:11:32.490 [info] > git status -z -uall [15ms]
2022-12-20 23:11:32.490 [info] > git for-each-ref --sort -committerdate --format %(refname) %(objectname) %(*objectname) [10ms]
2022-12-20 23:11:32.490 [info] > git for-each-ref --format=%(refname)%00%(upstream:short)%00%(objectname) refs/heads/master refs/remotes/master [8ms]
2022-12-20 23:11:32.490 [warning] ENOENT: no such file or directory, open '/root/task1/--git-common-dir/config'
2022-12-20 23:11:32.490 [info] > git status -z -uall [35ms]
2022-12-20 23:11:32.490 [info] > git for-each-ref --sort -committerdate --format %(refname) %(objectname) %(*objectname) [31ms]
2022-12-20 23:11:32.490 [info] > git config --get commit.template [5ms]
2022-12-20 23:11:32.490 [info] > git remote --verbose [9ms]
2022-12-20 23:11:32.490 [warning] ENOENT: no such file or directory, open '/root/task1/ansible-task1/--git-common-dir/config'
2022-12-20 23:11:32.490 [info] > git config --get commit.template [1ms]
2022-12-20 23:11:32.490 [info] > git remote --verbose [5ms]
2022-12-20 23:11:32.490 [info] > git for-each-ref --format=%(refname)%00%(upstream:short)%00%(objectname) refs/heads/master refs/remotes/master [1ms]
2022-12-20 23:11:32.490 [info] > git rev-list --left-right --count master...origin/master [5ms]
2022-12-20 23:11:32.490 [info] > git status -z -uall [12ms]
2022-12-20 23:11:32.490 [info] > git for-each-ref --sort -committerdate --format %(refname) %(objectname) %(*objectname) [8ms]
2022-12-20 23:11:32.490 [info] > git for-each-ref --format=%(refname)%00%(upstream:short)%00%(objectname) refs/heads/master refs/remotes/master [26ms]
2022-12-20 23:11:32.490 [info] > git status -z -uall [7ms]
2022-12-20 23:11:32.490 [info] > git for-each-ref --sort -committerdate --format %(refname) %(objectname) %(*objectname) [1ms]
2022-12-20 23:11:32.522 [info] > git show --textconv :website.yml [6ms]
2022-12-20 23:11:32.522 [info] > git ls-files --stage -- /root/task1/website.yml [1ms]
2022-12-20 23:11:32.528 [info] > git cat-file -s 402e831bf6cd428014df3938d25872f6aa457f92 [1ms]
2022-12-20 23:11:32.800 [info] > git check-ignore -v -z --stdin [7ms]
2022-12-20 23:11:32.802 [info] > git check-ignore -v -z --stdin [4ms]
2022-12-20 23:12:12.534 [info] > git check-ignore -v -z --stdin [1ms]
