2022-12-21 01:53:33.574 [info] Log level: Info
2022-12-21 01:53:33.574 [info] Validating found git in: "git"
2022-12-21 01:53:33.574 [info] Using git "1.8.3.1" from "git"
2022-12-21 01:53:33.574 [info] > git rev-parse --show-toplevel [60ms]
2022-12-21 01:53:33.574 [info] > git rev-parse --git-dir --git-common-dir [1ms]
2022-12-21 01:53:33.574 [info] Open repository: /root/oct_devops_2022_ansible
2022-12-21 01:53:33.575 [warning] ENOENT: no such file or directory, open '/root/oct_devops_2022_ansible/--git-common-dir/config'
2022-12-21 01:53:33.575 [info] > git rev-parse --show-toplevel [22ms]
2022-12-21 01:53:33.575 [info] > git rev-parse --show-toplevel [2ms]
2022-12-21 01:53:33.575 [info] > git config --get commit.template [20ms]
2022-12-21 01:53:33.575 [info] > git remote --verbose [26ms]
2022-12-21 01:53:33.575 [info] > git for-each-ref --format=%(refname)%00%(upstream:short)%00%(objectname) refs/heads/main refs/remotes/main [0ms]
2022-12-21 01:53:33.575 [info] > git rev-list --left-right --count main...origin/main [1ms]
2022-12-21 01:53:33.575 [info] > git status -z -uall [6ms]
2022-12-21 01:53:33.575 [info] > git for-each-ref --sort -committerdate --format %(refname) %(objectname) %(*objectname) [1ms]
2022-12-21 01:53:33.575 [warning] ENOENT: no such file or directory, open '/root/oct_devops_2022_ansible/--git-common-dir/config'
2022-12-21 01:53:33.575 [info] > git config --get commit.template [0ms]
2022-12-21 01:53:33.575 [info] > git remote --verbose [7ms]
2022-12-21 01:53:33.575 [info] > git for-each-ref --format=%(refname)%00%(upstream:short)%00%(objectname) refs/heads/main refs/remotes/main [1ms]
2022-12-21 01:53:33.575 [info] > git rev-list --left-right --count main...origin/main [1ms]
2022-12-21 01:53:33.575 [info] > git status -z -uall [6ms]
2022-12-21 01:53:33.575 [info] > git for-each-ref --sort -committerdate --format %(refname) %(objectname) %(*objectname) [1ms]
2022-12-21 01:53:33.575 [info] > git check-ignore -v -z --stdin [2ms]
2022-12-21 01:53:33.872 [info] > git show --textconv :Class1/install.yml [38ms]
2022-12-21 01:53:33.872 [info] > git ls-files --stage -- /root/oct_devops_2022_ansible/Class1/install.yml [2ms]
2022-12-21 01:53:33.901 [info] > git cat-file -s 11482d4f8a849f917313c03d0184755d5410ec89 [2ms]
2022-12-21 02:12:29.469 [info] > git log --oneline --cherry main...main@{upstream} -- [1ms]
2022-12-21 02:12:29.899 [info] > git pull --tags origin main [424ms]
2022-12-21 02:12:29.899 [info] From github.com:Evolve-Cyber-Organization/oct_devops_2022_ansible
 * branch            main       -> FETCH_HEAD
2022-12-21 02:12:29.907 [warning] ENOENT: no such file or directory, open '/root/oct_devops_2022_ansible/--git-common-dir/config'
2022-12-21 02:12:29.913 [info] > git config --get commit.template [1ms]
2022-12-21 02:12:29.913 [info] > git remote --verbose [6ms]
2022-12-21 02:12:29.919 [info] > git for-each-ref --format=%(refname)%00%(upstream:short)%00%(objectname) refs/heads/main refs/remotes/main [1ms]
2022-12-21 02:12:29.924 [info] > git rev-list --left-right --count main...origin/main [0ms]
2022-12-21 02:12:29.936 [info] > git status -z -uall [6ms]
2022-12-21 02:12:29.936 [info] > git for-each-ref --sort -committerdate --format %(refname) %(objectname) %(*objectname) [1ms]
2022-12-21 02:12:31.177 [warning] ENOENT: no such file or directory, open '/root/oct_devops_2022_ansible/--git-common-dir/config'
2022-12-21 02:12:31.183 [info] > git config --get commit.template [0ms]
2022-12-21 02:12:31.183 [info] > git remote --verbose [6ms]
2022-12-21 02:12:31.190 [info] > git for-each-ref --format=%(refname)%00%(upstream:short)%00%(objectname) refs/heads/main refs/remotes/main [0ms]
2022-12-21 02:12:31.195 [info] > git rev-list --left-right --count main...origin/main [1ms]
2022-12-21 02:12:31.207 [info] > git status -z -uall [6ms]
2022-12-21 02:12:31.207 [info] > git for-each-ref --sort -committerdate --format %(refname) %(objectname) %(*objectname) [1ms]
2022-12-21 02:12:31.427 [info] > git ls-files --stage -- /root/oct_devops_2022_ansible/Class1/install.yml [1ms]
2022-12-21 02:12:31.432 [info] > git cat-file -s 7b482f986d9425ee8b70e38e7528eb97913a7b42 [0ms]
2022-12-21 02:12:31.608 [info] > git show --textconv :Class1/install.yml [1ms]
2022-12-21 02:12:32.601 [info] > git ls-files --stage -- /root/oct_devops_2022_ansible/Class1/install.yml [0ms]
2022-12-21 02:12:32.606 [info] > git cat-file -s 7b482f986d9425ee8b70e38e7528eb97913a7b42 [0ms]
2022-12-21 02:12:32.703 [info] > git show --textconv :Class1/install.yml [1ms]
2022-12-21 02:12:33.845 [info] > git check-ignore -v -z --stdin [2ms]
2022-12-21 02:12:35.373 [info] > git check-ignore -v -z --stdin [2ms]
2022-12-21 02:12:36.217 [warning] ENOENT: no such file or directory, open '/root/oct_devops_2022_ansible/--git-common-dir/config'
2022-12-21 02:12:36.222 [info] > git config --get commit.template [1ms]
2022-12-21 02:12:36.222 [info] > git remote --verbose [5ms]
2022-12-21 02:12:36.228 [info] > git for-each-ref --format=%(refname)%00%(upstream:short)%00%(objectname) refs/heads/main refs/remotes/main [0ms]
2022-12-21 02:12:36.235 [info] > git rev-list --left-right --count main...origin/main [1ms]
2022-12-21 02:12:36.252 [info] > git status -z -uall [6ms]
2022-12-21 02:12:36.252 [info] > git for-each-ref --sort -committerdate --format %(refname) %(objectname) %(*objectname) [1ms]
2022-12-21 02:12:41.301 [info] > git show --textconv :Class2/hostname.yml [6ms]
2022-12-21 02:12:41.301 [info] > git ls-files --stage -- /root/oct_devops_2022_ansible/Class2/hostname.yml [1ms]
2022-12-21 02:12:41.306 [info] > git cat-file -s 871714f1cba978c3b7cf3524505e16fb65da1817 [1ms]
2022-12-21 02:44:36.460 [info] > git log --oneline --cherry main...main@{upstream} -- [1ms]
2022-12-21 02:44:36.835 [info] > git pull --tags origin main [369ms]
2022-12-21 02:44:36.835 [info] From github.com:Evolve-Cyber-Organization/oct_devops_2022_ansible
 * branch            main       -> FETCH_HEAD
2022-12-21 02:44:36.841 [warning] ENOENT: no such file or directory, open '/root/oct_devops_2022_ansible/--git-common-dir/config'
2022-12-21 02:44:36.848 [info] > git config --get commit.template [0ms]
2022-12-21 02:44:36.848 [info] > git remote --verbose [7ms]
2022-12-21 02:44:36.855 [info] > git for-each-ref --format=%(refname)%00%(upstream:short)%00%(objectname) refs/heads/main refs/remotes/main [1ms]
2022-12-21 02:44:36.862 [info] > git rev-list --left-right --count main...origin/main [1ms]
2022-12-21 02:44:36.876 [info] > git status -z -uall [7ms]
2022-12-21 02:44:36.876 [info] > git for-each-ref --sort -committerdate --format %(refname) %(objectname) %(*objectname) [1ms]
2022-12-21 02:44:38.026 [warning] ENOENT: no such file or directory, open '/root/oct_devops_2022_ansible/--git-common-dir/config'
2022-12-21 02:44:38.033 [info] > git config --get commit.template [1ms]
2022-12-21 02:44:38.034 [info] > git remote --verbose [7ms]
2022-12-21 02:44:38.046 [info] > git for-each-ref --format=%(refname)%00%(upstream:short)%00%(objectname) refs/heads/main refs/remotes/main [1ms]
2022-12-21 02:44:38.053 [info] > git rev-list --left-right --count main...origin/main [0ms]
2022-12-21 02:44:38.066 [info] > git status -z -uall [6ms]
2022-12-21 02:44:38.067 [info] > git for-each-ref --sort -committerdate --format %(refname) %(objectname) %(*objectname) [1ms]
2022-12-21 02:44:38.215 [info] > git ls-files --stage -- /root/oct_devops_2022_ansible/Class2/hostname.yml [0ms]
2022-12-21 02:44:38.221 [info] > git cat-file -s 871714f1cba978c3b7cf3524505e16fb65da1817 [0ms]
2022-12-21 02:44:38.319 [info] > git show --textconv :Class2/hostname.yml [1ms]
2022-12-21 02:44:39.384 [info] > git ls-files --stage -- /root/oct_devops_2022_ansible/Class2/hostname.yml [1ms]
2022-12-21 02:44:39.392 [info] > git cat-file -s 871714f1cba978c3b7cf3524505e16fb65da1817 [1ms]
2022-12-21 02:44:39.473 [info] > git show --textconv :Class2/hostname.yml [1ms]
2022-12-21 02:44:43.077 [warning] ENOENT: no such file or directory, open '/root/oct_devops_2022_ansible/--git-common-dir/config'
2022-12-21 02:44:43.083 [info] > git config --get commit.template [0ms]
2022-12-21 02:44:43.083 [info] > git remote --verbose [6ms]
2022-12-21 02:44:43.089 [info] > git for-each-ref --format=%(refname)%00%(upstream:short)%00%(objectname) refs/heads/main refs/remotes/main [0ms]
2022-12-21 02:44:43.094 [info] > git rev-list --left-right --count main...origin/main [1ms]
2022-12-21 02:44:43.105 [info] > git status -z -uall [6ms]
2022-12-21 02:44:43.105 [info] > git for-each-ref --sort -committerdate --format %(refname) %(objectname) %(*objectname) [0ms]
2022-12-21 02:44:43.395 [info] > git log --oneline --cherry main...main@{upstream} -- [1ms]
2022-12-21 02:44:43.784 [info] > git pull --tags origin main [384ms]
2022-12-21 02:44:43.784 [info] From github.com:Evolve-Cyber-Organization/oct_devops_2022_ansible
 * branch            main       -> FETCH_HEAD
2022-12-21 02:44:43.790 [warning] ENOENT: no such file or directory, open '/root/oct_devops_2022_ansible/--git-common-dir/config'
2022-12-21 02:44:43.797 [info] > git config --get commit.template [0ms]
2022-12-21 02:44:43.797 [info] > git remote --verbose [7ms]
2022-12-21 02:44:43.803 [info] > git for-each-ref --format=%(refname)%00%(upstream:short)%00%(objectname) refs/heads/main refs/remotes/main [1ms]
2022-12-21 02:44:43.809 [info] > git rev-list --left-right --count main...origin/main [1ms]
2022-12-21 02:44:43.820 [info] > git status -z -uall [6ms]
2022-12-21 02:44:43.820 [info] > git for-each-ref --sort -committerdate --format %(refname) %(objectname) %(*objectname) [1ms]
2022-12-21 02:44:45.163 [info] > git ls-files --stage -- /root/oct_devops_2022_ansible/Class2/hostname.yml [0ms]
2022-12-21 02:44:45.168 [info] > git cat-file -s 871714f1cba978c3b7cf3524505e16fb65da1817 [0ms]
2022-12-21 02:44:45.286 [info] > git show --textconv :Class2/hostname.yml [1ms]
2022-12-21 02:44:47.212 [info] > git log --oneline --cherry main...main@{upstream} -- [1ms]
2022-12-21 02:44:47.599 [info] > git pull --tags origin main [379ms]
2022-12-21 02:44:47.600 [info] From github.com:Evolve-Cyber-Organization/oct_devops_2022_ansible
 * branch            main       -> FETCH_HEAD
2022-12-21 02:44:47.859 [info] > git push origin main:main [254ms]
2022-12-21 02:44:47.859 [info] ERROR: Write access to repository not granted.
fatal: Could not read from remote repository.

Please make sure you have the correct access rights
and the repository exists.
2022-12-21 02:44:48.114 [warning] ENOENT: no such file or directory, open '/root/oct_devops_2022_ansible/--git-common-dir/config'
2022-12-21 02:44:48.119 [info] > git config --get commit.template [1ms]
2022-12-21 02:44:48.119 [info] > git remote --verbose [5ms]
2022-12-21 02:44:48.125 [info] > git for-each-ref --format=%(refname)%00%(upstream:short)%00%(objectname) refs/heads/main refs/remotes/main [1ms]
2022-12-21 02:44:48.130 [info] > git rev-list --left-right --count main...origin/main [0ms]
2022-12-21 02:44:48.143 [info] > git status -z -uall [7ms]
2022-12-21 02:44:48.144 [info] > git for-each-ref --sort -committerdate --format %(refname) %(objectname) %(*objectname) [0ms]
2022-12-21 02:44:48.866 [info] > git ls-files --stage -- /root/oct_devops_2022_ansible/Class2/hostname.yml [0ms]
2022-12-21 02:44:48.872 [info] > git cat-file -s 871714f1cba978c3b7cf3524505e16fb65da1817 [1ms]
2022-12-21 02:44:48.952 [info] > git show --textconv :Class2/hostname.yml [1ms]
2022-12-21 02:44:53.573 [info] > git check-ignore -v -z --stdin [1ms]
2022-12-21 02:44:55.391 [info] > git check-ignore -v -z --stdin [2ms]
