2022-12-21 17:20:42.232 [info] Log level: Info
2022-12-21 17:20:42.232 [info] Validating found git in: "git"
2022-12-21 17:20:42.232 [info] Using git "1.8.3.1" from "git"
2022-12-21 17:20:42.232 [info] > git rev-parse --show-toplevel [66ms]
2022-12-21 17:20:42.232 [info] > git rev-parse --git-dir --git-common-dir [0ms]
2022-12-21 17:20:42.232 [info] Open repository: /root/oct_devops_2022_ansible
2022-12-21 17:20:42.232 [warning] ENOENT: no such file or directory, open '/root/oct_devops_2022_ansible/--git-common-dir/config'
2022-12-21 17:20:42.232 [info] > git rev-parse --show-toplevel [17ms]
2022-12-21 17:20:42.232 [info] > git rev-parse --show-toplevel [1ms]
2022-12-21 17:20:42.232 [info] > git config --get commit.template [18ms]
2022-12-21 17:20:42.232 [info] > git remote --verbose [24ms]
2022-12-21 17:20:42.232 [info] > git rev-parse --show-toplevel [2ms]
2022-12-21 17:20:42.233 [info] > git for-each-ref --format=%(refname)%00%(upstream:short)%00%(objectname) refs/heads/main refs/remotes/main [1ms]
2022-12-21 17:20:42.233 [info] > git rev-list --left-right --count main...origin/main [0ms]
2022-12-21 17:20:42.233 [info] > git status -z -uall [6ms]
2022-12-21 17:20:42.233 [info] > git for-each-ref --sort -committerdate --format %(refname) %(objectname) %(*objectname) [2ms]
2022-12-21 17:20:42.233 [warning] ENOENT: no such file or directory, open '/root/oct_devops_2022_ansible/--git-common-dir/config'
2022-12-21 17:20:42.233 [info] > git config --get commit.template [1ms]
2022-12-21 17:20:42.233 [info] > git remote --verbose [6ms]
2022-12-21 17:20:42.233 [info] > git for-each-ref --format=%(refname)%00%(upstream:short)%00%(objectname) refs/heads/main refs/remotes/main [1ms]
2022-12-21 17:20:42.233 [info] > git rev-list --left-right --count main...origin/main [2ms]
2022-12-21 17:20:42.233 [info] > git status -z -uall [5ms]
2022-12-21 17:20:42.233 [info] > git for-each-ref --sort -committerdate --format %(refname) %(objectname) %(*objectname) [1ms]
2022-12-21 17:20:42.233 [info] > git show --textconv :Class2/test.yml [8ms]
2022-12-21 17:20:42.234 [info] > git ls-files --stage -- /root/oct_devops_2022_ansible/Class2/test.yml [2ms]
2022-12-21 17:20:42.245 [info] > git cat-file -s 9d85c6356ab757dd9e985ee73fa452a7b074b49d [2ms]
2022-12-21 17:20:42.381 [info] > git check-ignore -v -z --stdin [11ms]
2022-12-21 17:20:45.854 [info] > git check-ignore -v -z --stdin [1ms]
