2022-12-20 18:04:02.105 [info] Log level: Info
2022-12-20 18:04:02.105 [info] Validating found git in: "git"
2022-12-20 18:04:02.105 [info] Using git "1.8.3.1" from "git"
2022-12-20 18:04:02.105 [info] > git rev-parse --show-toplevel [10ms]
2022-12-20 18:04:02.105 [info] fatal: Not a git repository (or any of the parent directories): .git
2022-12-20 18:04:02.105 [info] > git rev-parse --show-toplevel [1ms]
2022-12-20 18:04:02.105 [info] fatal: Not a git repository (or any of the parent directories): .git
2022-12-20 18:04:02.105 [info] > git rev-parse --show-toplevel [1ms]
2022-12-20 18:04:02.105 [info] fatal: Not a git repository (or any of the parent directories): .git
2022-12-20 18:04:02.105 [info] > git rev-parse --show-toplevel [2ms]
2022-12-20 18:04:02.105 [info] fatal: Not a git repository (or any of the parent directories): .git
2022-12-20 18:04:02.105 [info] > git rev-parse --show-toplevel [26ms]
2022-12-20 18:04:02.105 [info] fatal: Not a git repository (or any of the parent directories): .git
2022-12-20 18:04:02.105 [info] > git rev-parse --show-toplevel [52ms]
2022-12-20 18:04:02.105 [info] > git rev-parse --git-dir --git-common-dir [2ms]
2022-12-20 18:04:02.105 [info] Open repository: /root/ansible-class
2022-12-20 18:04:02.105 [warning] ENOENT: no such file or directory, open '/root/ansible-class/--git-common-dir/config'
2022-12-20 18:04:02.105 [info] > git rev-parse --show-toplevel [29ms]
2022-12-20 18:04:02.105 [info] > git rev-parse --git-dir --git-common-dir [1ms]
2022-12-20 18:04:02.105 [info] Open repository: /root/oct_devops_2022_ansible
2022-12-20 18:04:02.105 [info] > git config --get commit.template [22ms]
2022-12-20 18:04:02.105 [info] > git remote --verbose [30ms]
2022-12-20 18:04:02.105 [warning] ENOENT: no such file or directory, open '/root/oct_devops_2022_ansible/--git-common-dir/config'
2022-12-20 18:04:02.105 [info] > git rev-parse --show-toplevel [16ms]
2022-12-20 18:04:02.105 [info] > git rev-parse --git-dir --git-common-dir [11ms]
2022-12-20 18:04:02.105 [info] Open repository: /root/task1
2022-12-20 18:04:02.105 [info] > git config --get commit.template [36ms]
2022-12-20 18:04:02.105 [info] > git remote --verbose [44ms]
2022-12-20 18:04:02.105 [warning] ENOENT: no such file or directory, open '/root/task1/--git-common-dir/config'
2022-12-20 18:04:02.105 [info] > git rev-parse --show-toplevel [21ms]
2022-12-20 18:04:02.105 [info] fatal: Not a git repository (or any of the parent directories): .git
2022-12-20 18:04:02.105 [info] > git for-each-ref --format=%(refname)%00%(upstream:short)%00%(objectname) refs/heads/master refs/remotes/master [35ms]
2022-12-20 18:04:02.105 [info] > git config --get commit.template [31ms]
2022-12-20 18:04:02.105 [info] > git remote --verbose [37ms]
2022-12-20 18:04:02.105 [info] > git status -z -uall [24ms]
2022-12-20 18:04:02.105 [info] > git for-each-ref --format=%(refname)%00%(upstream:short)%00%(objectname) refs/heads/main refs/remotes/main [4ms]
2022-12-20 18:04:02.105 [info] > git for-each-ref --sort -committerdate --format %(refname) %(objectname) %(*objectname) [26ms]
2022-12-20 18:04:02.105 [info] > git rev-list --left-right --count main...origin/main [16ms]
2022-12-20 18:04:02.105 [warning] ENOENT: no such file or directory, open '/root/ansible-class/--git-common-dir/config'
2022-12-20 18:04:02.105 [info] > git status -z -uall [25ms]
2022-12-20 18:04:02.105 [info] > git for-each-ref --sort -committerdate --format %(refname) %(objectname) %(*objectname) [19ms]
2022-12-20 18:04:02.105 [info] > git for-each-ref --format=%(refname)%00%(upstream:short)%00%(objectname) refs/heads/master refs/remotes/master [6ms]
2022-12-20 18:04:02.105 [info] > git config --get commit.template [30ms]
2022-12-20 18:04:02.105 [info] > git remote --verbose [35ms]
2022-12-20 18:04:02.105 [warning] ENOENT: no such file or directory, open '/root/oct_devops_2022_ansible/--git-common-dir/config'
2022-12-20 18:04:02.105 [info] > git status -z -uall [22ms]
2022-12-20 18:04:02.105 [info] > git for-each-ref --sort -committerdate --format %(refname) %(objectname) %(*objectname) [14ms]
2022-12-20 18:04:02.105 [info] > git config --get commit.template [6ms]
2022-12-20 18:04:02.105 [info] > git remote --verbose [13ms]
2022-12-20 18:04:02.105 [warning] ENOENT: no such file or directory, open '/root/task1/--git-common-dir/config'
2022-12-20 18:04:02.105 [info] > git config --get commit.template [2ms]
2022-12-20 18:04:02.105 [info] > git remote --verbose [7ms]
2022-12-20 18:04:02.106 [info] > git for-each-ref --format=%(refname)%00%(upstream:short)%00%(objectname) refs/heads/master refs/remotes/master [13ms]
2022-12-20 18:04:02.106 [info] > git status -z -uall [18ms]
2022-12-20 18:04:02.106 [info] > git for-each-ref --sort -committerdate --format %(refname) %(objectname) %(*objectname) [9ms]
2022-12-20 18:04:02.106 [info] > git for-each-ref --format=%(refname)%00%(upstream:short)%00%(objectname) refs/heads/main refs/remotes/main [4ms]
2022-12-20 18:04:02.106 [info] > git rev-list --left-right --count main...origin/main [10ms]
2022-12-20 18:04:02.106 [info] > git status -z -uall [7ms]
2022-12-20 18:04:02.106 [info] > git for-each-ref --sort -committerdate --format %(refname) %(objectname) %(*objectname) [2ms]
2022-12-20 18:04:02.106 [info] > git for-each-ref --format=%(refname)%00%(upstream:short)%00%(objectname) refs/heads/master refs/remotes/master [21ms]
2022-12-20 18:04:02.106 [info] > git status -z -uall [7ms]
2022-12-20 18:04:02.106 [info] > git for-each-ref --sort -committerdate --format %(refname) %(objectname) %(*objectname) [2ms]
2022-12-20 18:04:02.553 [info] > git check-ignore -v -z --stdin [19ms]
2022-12-20 18:04:02.553 [info] > git check-ignore -v -z --stdin [14ms]
2022-12-20 18:04:02.555 [info] > git check-ignore -v -z --stdin [5ms]
2022-12-20 18:04:03.075 [warning] ENOENT: no such file or directory, open '/root/ansible-class/--git-common-dir/config'
2022-12-20 18:04:03.080 [info] > git config --get commit.template [1ms]
2022-12-20 18:04:03.080 [info] > git remote --verbose [5ms]
2022-12-20 18:04:03.086 [info] > git for-each-ref --format=%(refname)%00%(upstream:short)%00%(objectname) refs/heads/master refs/remotes/master [1ms]
2022-12-20 18:04:03.096 [info] > git status -z -uall [5ms]
2022-12-20 18:04:03.097 [info] > git for-each-ref --sort -committerdate --format %(refname) %(objectname) %(*objectname) [1ms]
