2022-12-21 17:28:02.854 [info] Extension host with pid 12741 started
2022-12-21 17:28:02.866 [info] Lock '/root/.vscode-server/data/User/workspaceStorage/621961d3e709755a151b7fa9f0965978/vscode.lock': Lock acquired.
2022-12-21 17:28:03.246 [info] ExtensionService#_doActivateExtension vscode.git-base, startup: true, activationEvent: '*', root cause: vscode.git
2022-12-21 17:28:03.319 [info] ExtensionService#_doActivateExtension vscode.git, startup: true, activationEvent: '*'
2022-12-21 17:28:03.319 [info] ExtensionService#_doActivateExtension vscode.github, startup: true, activationEvent: '*'
2022-12-21 17:28:03.815 [info] ExtensionService#_doActivateExtension vscode.debug-auto-launch, startup: false, activationEvent: 'onStartupFinished'
2022-12-21 17:28:03.816 [info] ExtensionService#_doActivateExtension vscode.emmet, startup: false, activationEvent: 'onStartupFinished'
2022-12-21 17:28:03.816 [info] ExtensionService#_doActivateExtension vscode.merge-conflict, startup: false, activationEvent: 'onStartupFinished'
2022-12-21 17:28:03.816 [info] Eager extensions activated
2022-12-21 17:28:04.012 [warning] [Decorations] CAPPING events from decorations provider vscode.git 1909
2022-12-21 17:28:04.655 [warning] [Decorations] CAPPING events from decorations provider vscode.git 1909
2022-12-21 17:28:07.377 [warning] [Decorations] CAPPING events from decorations provider vscode.git 1910
2022-12-21 17:28:12.517 [warning] [Decorations] CAPPING events from decorations provider vscode.git 1910
2022-12-21 17:31:44.183 [warning] [Decorations] CAPPING events from decorations provider vscode.git 1910
2022-12-21 17:31:49.307 [warning] [Decorations] CAPPING events from decorations provider vscode.git 1910
2022-12-21 17:31:54.407 [warning] [Decorations] CAPPING events from decorations provider vscode.git 1910
2022-12-21 17:31:59.542 [warning] [Decorations] CAPPING events from decorations provider vscode.git 1910
2022-12-21 17:32:04.718 [warning] [Decorations] CAPPING events from decorations provider vscode.git 1910
2022-12-21 17:32:11.365 [warning] [Decorations] CAPPING events from decorations provider vscode.git 1911
2022-12-21 17:32:16.472 [warning] [Decorations] CAPPING events from decorations provider vscode.git 1911
2022-12-21 17:32:21.554 [warning] [Decorations] CAPPING events from decorations provider vscode.git 1911
2022-12-21 17:32:26.639 [warning] [Decorations] CAPPING events from decorations provider vscode.git 1912
2022-12-21 17:32:31.725 [warning] [Decorations] CAPPING events from decorations provider vscode.git 1912
2022-12-21 17:32:36.857 [warning] [Decorations] CAPPING events from decorations provider vscode.git 1912
2022-12-21 17:32:43.377 [warning] [Decorations] CAPPING events from decorations provider vscode.git 1912
2022-12-21 17:32:48.457 [warning] [Decorations] CAPPING events from decorations provider vscode.git 1912
2022-12-21 17:32:53.595 [warning] [Decorations] CAPPING events from decorations provider vscode.git 1912
2022-12-21 17:32:58.673 [warning] [Decorations] CAPPING events from decorations provider vscode.git 1913
2022-12-21 17:33:03.751 [warning] [Decorations] CAPPING events from decorations provider vscode.git 1913
2022-12-21 17:33:08.831 [warning] [Decorations] CAPPING events from decorations provider vscode.git 1913
2022-12-21 17:33:13.923 [warning] [Decorations] CAPPING events from decorations provider vscode.git 1913
2022-12-21 17:33:19.018 [warning] [Decorations] CAPPING events from decorations provider vscode.git 1913
2022-12-21 17:33:24.089 [warning] [Decorations] CAPPING events from decorations provider vscode.git 1913
2022-12-21 17:33:29.226 [warning] [Decorations] CAPPING events from decorations provider vscode.git 1913
2022-12-21 17:33:34.308 [warning] [Decorations] CAPPING events from decorations provider vscode.git 1913
2022-12-21 17:35:02.369 [warning] [Decorations] CAPPING events from decorations provider vscode.git 1913
2022-12-21 17:35:07.462 [warning] [Decorations] CAPPING events from decorations provider vscode.git 1913
2022-12-21 17:37:04.136 [warning] [Decorations] CAPPING events from decorations provider vscode.git 1913
2022-12-21 17:39:09.038 [warning] [Decorations] CAPPING events from decorations provider vscode.git 1911
2022-12-21 17:41:40.590 [warning] [Decorations] CAPPING events from decorations provider vscode.git 1911
2022-12-21 17:41:45.668 [warning] [Decorations] CAPPING events from decorations provider vscode.git 1911
2022-12-21 17:41:50.802 [warning] [Decorations] CAPPING events from decorations provider vscode.git 1911
2022-12-21 17:41:55.876 [warning] [Decorations] CAPPING events from decorations provider vscode.git 1911
2022-12-21 17:42:00.982 [warning] [Decorations] CAPPING events from decorations provider vscode.git 1911
2022-12-21 17:42:06.128 [warning] [Decorations] CAPPING events from decorations provider vscode.git 1911
2022-12-21 17:42:11.207 [warning] [Decorations] CAPPING events from decorations provider vscode.git 1911
2022-12-21 17:42:16.359 [warning] [Decorations] CAPPING events from decorations provider vscode.git 1911
2022-12-21 17:42:21.446 [warning] [Decorations] CAPPING events from decorations provider vscode.git 1911
2022-12-21 17:42:57.166 [warning] [Decorations] CAPPING events from decorations provider vscode.git 1911
2022-12-21 17:43:02.244 [warning] [Decorations] CAPPING events from decorations provider vscode.git 1911
2022-12-21 17:43:07.338 [warning] [Decorations] CAPPING events from decorations provider vscode.git 1911
2022-12-21 17:43:12.451 [warning] [Decorations] CAPPING events from decorations provider vscode.git 1913
2022-12-21 17:43:17.529 [warning] [Decorations] CAPPING events from decorations provider vscode.git 1913
2022-12-21 17:43:22.674 [warning] [Decorations] CAPPING events from decorations provider vscode.git 1913
2022-12-21 17:43:27.751 [warning] [Decorations] CAPPING events from decorations provider vscode.git 1913
2022-12-21 17:43:32.830 [warning] [Decorations] CAPPING events from decorations provider vscode.git 1913
2022-12-21 17:44:15.607 [warning] [Decorations] CAPPING events from decorations provider vscode.git 1913
2022-12-21 17:44:20.688 [warning] [Decorations] CAPPING events from decorations provider vscode.git 1913
2022-12-21 17:44:25.771 [warning] [Decorations] CAPPING events from decorations provider vscode.git 1913
2022-12-21 17:44:30.854 [warning] [Decorations] CAPPING events from decorations provider vscode.git 1914
2022-12-21 17:44:35.988 [warning] [Decorations] CAPPING events from decorations provider vscode.git 1914
2022-12-21 17:44:41.065 [warning] [Decorations] CAPPING events from decorations provider vscode.git 1914
2022-12-21 17:44:46.167 [warning] [Decorations] CAPPING events from decorations provider vscode.git 1914
2022-12-21 17:44:51.315 [warning] [Decorations] CAPPING events from decorations provider vscode.git 1914
2022-12-21 17:44:56.390 [warning] [Decorations] CAPPING events from decorations provider vscode.git 1914
2022-12-21 17:45:01.554 [warning] [Decorations] CAPPING events from decorations provider vscode.git 1914
2022-12-21 17:45:30.590 [warning] [Decorations] CAPPING events from decorations provider vscode.git 1914
2022-12-21 17:45:35.676 [warning] [Decorations] CAPPING events from decorations provider vscode.git 1914
2022-12-21 17:45:40.771 [warning] [Decorations] CAPPING events from decorations provider vscode.git 1915
2022-12-21 17:45:45.850 [warning] [Decorations] CAPPING events from decorations provider vscode.git 1915
2022-12-21 17:45:50.987 [warning] [Decorations] CAPPING events from decorations provider vscode.git 1915
2022-12-21 17:45:56.066 [warning] [Decorations] CAPPING events from decorations provider vscode.git 1915
2022-12-21 17:46:01.159 [warning] [Decorations] CAPPING events from decorations provider vscode.git 1915
2022-12-21 17:46:06.302 [warning] [Decorations] CAPPING events from decorations provider vscode.git 1915
2022-12-21 17:46:11.404 [warning] [Decorations] CAPPING events from decorations provider vscode.git 1915
2022-12-21 17:46:16.539 [warning] [Decorations] CAPPING events from decorations provider vscode.git 1915
2022-12-21 17:46:21.618 [warning] [Decorations] CAPPING events from decorations provider vscode.git 1915
2022-12-21 17:46:26.754 [warning] [Decorations] CAPPING events from decorations provider vscode.git 1915
2022-12-21 17:46:31.839 [warning] [Decorations] CAPPING events from decorations provider vscode.git 1915
2022-12-21 17:46:36.985 [warning] [Decorations] CAPPING events from decorations provider vscode.git 1915
2022-12-21 17:46:42.097 [warning] [Decorations] CAPPING events from decorations provider vscode.git 1915
2022-12-21 17:46:47.245 [warning] [Decorations] CAPPING events from decorations provider vscode.git 1915
2022-12-21 17:46:52.317 [warning] [Decorations] CAPPING events from decorations provider vscode.git 1915
2022-12-21 17:46:57.394 [warning] [Decorations] CAPPING events from decorations provider vscode.git 1915
2022-12-21 17:47:02.533 [warning] [Decorations] CAPPING events from decorations provider vscode.git 1915
2022-12-21 17:47:07.610 [warning] [Decorations] CAPPING events from decorations provider vscode.git 1915
2022-12-21 17:47:12.778 [warning] [Decorations] CAPPING events from decorations provider vscode.git 1915
2022-12-21 17:47:17.851 [warning] [Decorations] CAPPING events from decorations provider vscode.git 1915
2022-12-21 17:47:22.987 [warning] [Decorations] CAPPING events from decorations provider vscode.git 1915
2022-12-21 17:47:28.065 [warning] [Decorations] CAPPING events from decorations provider vscode.git 1915
2022-12-21 17:47:33.204 [warning] [Decorations] CAPPING events from decorations provider vscode.git 1915
2022-12-21 17:47:38.804 [warning] [Decorations] CAPPING events from decorations provider vscode.git 1915
2022-12-21 17:47:43.931 [warning] [Decorations] CAPPING events from decorations provider vscode.git 1915
2022-12-21 17:47:49.037 [warning] [Decorations] CAPPING events from decorations provider vscode.git 1915
2022-12-21 17:47:54.173 [warning] [Decorations] CAPPING events from decorations provider vscode.git 1915
2022-12-21 17:47:59.257 [warning] [Decorations] CAPPING events from decorations provider vscode.git 1915
2022-12-21 17:48:04.489 [warning] [Decorations] CAPPING events from decorations provider vscode.git 1915
2022-12-21 17:48:09.560 [warning] [Decorations] CAPPING events from decorations provider vscode.git 1915
2022-12-21 17:48:14.710 [warning] [Decorations] CAPPING events from decorations provider vscode.git 1915
2022-12-21 17:48:19.791 [warning] [Decorations] CAPPING events from decorations provider vscode.git 1915
2022-12-21 17:48:24.932 [warning] [Decorations] CAPPING events from decorations provider vscode.git 1915
2022-12-21 17:48:30.060 [warning] [Decorations] CAPPING events from decorations provider vscode.git 1915
2022-12-21 17:48:35.144 [warning] [Decorations] CAPPING events from decorations provider vscode.git 1915
2022-12-21 17:48:40.219 [warning] [Decorations] CAPPING events from decorations provider vscode.git 1915
2022-12-21 17:48:45.300 [warning] [Decorations] CAPPING events from decorations provider vscode.git 1915
2022-12-21 17:48:50.383 [warning] [Decorations] CAPPING events from decorations provider vscode.git 1915
2022-12-21 17:48:55.457 [warning] [Decorations] CAPPING events from decorations provider vscode.git 1915
2022-12-21 17:49:27.575 [warning] [Decorations] CAPPING events from decorations provider vscode.git 1915
2022-12-21 17:49:32.663 [warning] [Decorations] CAPPING events from decorations provider vscode.git 1915
2022-12-21 17:49:37.749 [warning] [Decorations] CAPPING events from decorations provider vscode.git 1915
2022-12-21 17:49:42.824 [warning] [Decorations] CAPPING events from decorations provider vscode.git 1915
2022-12-21 17:49:47.912 [warning] [Decorations] CAPPING events from decorations provider vscode.git 1915
2022-12-21 17:49:52.987 [warning] [Decorations] CAPPING events from decorations provider vscode.git 1915
2022-12-21 17:49:58.072 [warning] [Decorations] CAPPING events from decorations provider vscode.git 1915
2022-12-21 17:50:03.151 [warning] [Decorations] CAPPING events from decorations provider vscode.git 1915
2022-12-21 17:50:08.248 [warning] [Decorations] CAPPING events from decorations provider vscode.git 1915
2022-12-21 17:50:13.329 [warning] [Decorations] CAPPING events from decorations provider vscode.git 1915
2022-12-21 17:50:18.409 [warning] [Decorations] CAPPING events from decorations provider vscode.git 1915
2022-12-21 17:50:23.490 [warning] [Decorations] CAPPING events from decorations provider vscode.git 1915
2022-12-21 17:50:28.569 [warning] [Decorations] CAPPING events from decorations provider vscode.git 1915
2022-12-21 17:50:33.650 [warning] [Decorations] CAPPING events from decorations provider vscode.git 1915
2022-12-21 17:50:38.730 [warning] [Decorations] CAPPING events from decorations provider vscode.git 1915
2022-12-21 17:50:43.864 [warning] [Decorations] CAPPING events from decorations provider vscode.git 1915
2022-12-21 17:52:00.559 [warning] [Decorations] CAPPING events from decorations provider vscode.git 1915
2022-12-21 17:52:05.660 [warning] [Decorations] CAPPING events from decorations provider vscode.git 1915
2022-12-21 17:52:10.762 [warning] [Decorations] CAPPING events from decorations provider vscode.git 1915
2022-12-21 17:52:15.891 [warning] [Decorations] CAPPING events from decorations provider vscode.git 1915
2022-12-21 17:52:20.971 [warning] [Decorations] CAPPING events from decorations provider vscode.git 1915
2022-12-21 17:52:26.119 [warning] [Decorations] CAPPING events from decorations provider vscode.git 1915
2022-12-21 17:52:31.197 [warning] [Decorations] CAPPING events from decorations provider vscode.git 1915
2022-12-21 17:52:36.278 [warning] [Decorations] CAPPING events from decorations provider vscode.git 1915
2022-12-21 17:52:41.417 [warning] [Decorations] CAPPING events from decorations provider vscode.git 1915
2022-12-21 17:52:46.505 [warning] [Decorations] CAPPING events from decorations provider vscode.git 1915
2022-12-21 17:52:51.645 [warning] [Decorations] CAPPING events from decorations provider vscode.git 1915
2022-12-21 17:52:56.729 [warning] [Decorations] CAPPING events from decorations provider vscode.git 1916
2022-12-21 17:53:01.856 [warning] [Decorations] CAPPING events from decorations provider vscode.git 1916
2022-12-21 17:53:06.954 [warning] [Decorations] CAPPING events from decorations provider vscode.git 1916
2022-12-21 17:53:12.087 [warning] [Decorations] CAPPING events from decorations provider vscode.git 1916
2022-12-21 17:53:17.223 [warning] [Decorations] CAPPING events from decorations provider vscode.git 1916
2022-12-21 17:53:22.307 [warning] [Decorations] CAPPING events from decorations provider vscode.git 1916
2022-12-21 17:53:32.459 [warning] [Decorations] CAPPING events from decorations provider vscode.git 1916
2022-12-21 17:53:58.928 [warning] [Decorations] CAPPING events from decorations provider vscode.git 1916
2022-12-21 17:54:04.012 [warning] [Decorations] CAPPING events from decorations provider vscode.git 1916
2022-12-21 17:54:09.149 [warning] [Decorations] CAPPING events from decorations provider vscode.git 1916
2022-12-21 17:54:14.224 [warning] [Decorations] CAPPING events from decorations provider vscode.git 1916
2022-12-21 17:54:19.362 [warning] [Decorations] CAPPING events from decorations provider vscode.git 1916
2022-12-21 17:54:24.439 [warning] [Decorations] CAPPING events from decorations provider vscode.git 1916
2022-12-21 17:54:29.521 [warning] [Decorations] CAPPING events from decorations provider vscode.git 1916
2022-12-21 17:54:34.642 [warning] [Decorations] CAPPING events from decorations provider vscode.git 1916
2022-12-21 17:54:39.775 [warning] [Decorations] CAPPING events from decorations provider vscode.git 1916
2022-12-21 17:54:44.886 [warning] [Decorations] CAPPING events from decorations provider vscode.git 1916
2022-12-21 17:54:49.966 [warning] [Decorations] CAPPING events from decorations provider vscode.git 1916
2022-12-21 17:54:55.102 [warning] [Decorations] CAPPING events from decorations provider vscode.git 1916
2022-12-21 17:55:00.222 [warning] [Decorations] CAPPING events from decorations provider vscode.git 1916
2022-12-21 17:55:05.354 [warning] [Decorations] CAPPING events from decorations provider vscode.git 1916
2022-12-21 17:55:10.529 [warning] [Decorations] CAPPING events from decorations provider vscode.git 1916
2022-12-21 17:55:15.616 [warning] [Decorations] CAPPING events from decorations provider vscode.git 1916
2022-12-21 17:55:28.135 [warning] [Decorations] CAPPING events from decorations provider vscode.git 1916
2022-12-21 17:55:33.250 [warning] [Decorations] CAPPING events from decorations provider vscode.git 1916
2022-12-21 17:55:38.325 [warning] [Decorations] CAPPING events from decorations provider vscode.git 1916
2022-12-21 17:55:43.463 [warning] [Decorations] CAPPING events from decorations provider vscode.git 1916
2022-12-21 17:55:48.602 [warning] [Decorations] CAPPING events from decorations provider vscode.git 1916
2022-12-21 17:55:53.676 [warning] [Decorations] CAPPING events from decorations provider vscode.git 1916
2022-12-21 17:55:58.831 [warning] [Decorations] CAPPING events from decorations provider vscode.git 1916
2022-12-21 17:56:03.959 [warning] [Decorations] CAPPING events from decorations provider vscode.git 1916
2022-12-21 17:56:09.041 [warning] [Decorations] CAPPING events from decorations provider vscode.git 1916
2022-12-21 17:56:14.175 [warning] [Decorations] CAPPING events from decorations provider vscode.git 1916
2022-12-21 17:56:19.363 [warning] [Decorations] CAPPING events from decorations provider vscode.git 1916
2022-12-21 17:56:24.498 [warning] [Decorations] CAPPING events from decorations provider vscode.git 1916
2022-12-21 17:56:29.569 [warning] [Decorations] CAPPING events from decorations provider vscode.git 1916
2022-12-21 17:56:34.658 [warning] [Decorations] CAPPING events from decorations provider vscode.git 1916
2022-12-21 17:57:59.525 [warning] [Decorations] CAPPING events from decorations provider vscode.git 1916
2022-12-21 17:58:04.603 [warning] [Decorations] CAPPING events from decorations provider vscode.git 1916
2022-12-21 17:58:09.746 [warning] [Decorations] CAPPING events from decorations provider vscode.git 1917
2022-12-21 17:58:14.820 [warning] [Decorations] CAPPING events from decorations provider vscode.git 1917
2022-12-21 17:58:19.902 [warning] [Decorations] CAPPING events from decorations provider vscode.git 1917
2022-12-21 17:58:25.034 [warning] [Decorations] CAPPING events from decorations provider vscode.git 1917
2022-12-21 17:58:30.118 [warning] [Decorations] CAPPING events from decorations provider vscode.git 1917
2022-12-21 17:58:35.262 [warning] [Decorations] CAPPING events from decorations provider vscode.git 1917
2022-12-21 17:58:40.422 [warning] [Decorations] CAPPING events from decorations provider vscode.git 1917
2022-12-21 17:58:45.571 [warning] [Decorations] CAPPING events from decorations provider vscode.git 1920
2022-12-21 17:58:50.710 [warning] [Decorations] CAPPING events from decorations provider vscode.git 1920
2022-12-21 17:58:55.787 [warning] [Decorations] CAPPING events from decorations provider vscode.git 1917
2022-12-21 17:59:00.873 [warning] [Decorations] CAPPING events from decorations provider vscode.git 1917
2022-12-21 17:59:05.948 [warning] [Decorations] CAPPING events from decorations provider vscode.git 1917
2022-12-21 17:59:11.055 [warning] [Decorations] CAPPING events from decorations provider vscode.git 1917
2022-12-21 17:59:16.136 [warning] [Decorations] CAPPING events from decorations provider vscode.git 1917
2022-12-21 17:59:21.229 [warning] [Decorations] CAPPING events from decorations provider vscode.git 1917
2022-12-21 17:59:26.304 [warning] [Decorations] CAPPING events from decorations provider vscode.git 1917
2022-12-21 17:59:31.390 [warning] [Decorations] CAPPING events from decorations provider vscode.git 1917
2022-12-21 17:59:36.480 [warning] [Decorations] CAPPING events from decorations provider vscode.git 1917
2022-12-21 17:59:41.579 [warning] [Decorations] CAPPING events from decorations provider vscode.git 1917
2022-12-21 17:59:46.664 [warning] [Decorations] CAPPING events from decorations provider vscode.git 1917
2022-12-21 17:59:51.746 [warning] [Decorations] CAPPING events from decorations provider vscode.git 1917
2022-12-21 17:59:56.819 [warning] [Decorations] CAPPING events from decorations provider vscode.git 1917
2022-12-21 18:00:01.940 [warning] [Decorations] CAPPING events from decorations provider vscode.git 1917
2022-12-21 18:00:07.028 [warning] [Decorations] CAPPING events from decorations provider vscode.git 1917
2022-12-21 18:00:12.113 [warning] [Decorations] CAPPING events from decorations provider vscode.git 1917
2022-12-21 18:01:16.932 [warning] [Decorations] CAPPING events from decorations provider vscode.git 1917
2022-12-21 18:01:22.017 [warning] [Decorations] CAPPING events from decorations provider vscode.git 1917
2022-12-21 18:01:27.101 [warning] [Decorations] CAPPING events from decorations provider vscode.git 1917
2022-12-21 18:01:32.237 [warning] [Decorations] CAPPING events from decorations provider vscode.git 1917
2022-12-21 18:01:37.394 [warning] [Decorations] CAPPING events from decorations provider vscode.git 1918
2022-12-21 18:01:42.547 [warning] [Decorations] CAPPING events from decorations provider vscode.git 1918
2022-12-21 18:01:47.674 [warning] [Decorations] CAPPING events from decorations provider vscode.git 1918
2022-12-21 18:01:52.805 [warning] [Decorations] CAPPING events from decorations provider vscode.git 1918
2022-12-21 18:01:57.914 [warning] [Decorations] CAPPING events from decorations provider vscode.git 1918
2022-12-21 18:02:03.053 [warning] [Decorations] CAPPING events from decorations provider vscode.git 1918
2022-12-21 18:02:08.138 [warning] [Decorations] CAPPING events from decorations provider vscode.git 1919
2022-12-21 18:02:13.282 [warning] [Decorations] CAPPING events from decorations provider vscode.git 1922
2022-12-21 18:02:18.363 [warning] [Decorations] CAPPING events from decorations provider vscode.git 1922
2022-12-21 18:02:23.544 [warning] [Decorations] CAPPING events from decorations provider vscode.git 1919
2022-12-21 18:02:28.679 [warning] [Decorations] CAPPING events from decorations provider vscode.git 1919
2022-12-21 18:02:33.759 [warning] [Decorations] CAPPING events from decorations provider vscode.git 1919
2022-12-21 18:02:38.897 [warning] [Decorations] CAPPING events from decorations provider vscode.git 1919
2022-12-21 18:02:44.035 [warning] [Decorations] CAPPING events from decorations provider vscode.git 1919
2022-12-21 18:03:21.768 [warning] [Decorations] CAPPING events from decorations provider vscode.git 1919
2022-12-21 18:03:26.844 [warning] [Decorations] CAPPING events from decorations provider vscode.git 1919
2022-12-21 18:03:32.002 [warning] [Decorations] CAPPING events from decorations provider vscode.git 1921
2022-12-21 18:03:37.110 [warning] [Decorations] CAPPING events from decorations provider vscode.git 1921
2022-12-21 18:03:42.197 [warning] [Decorations] CAPPING events from decorations provider vscode.git 1921
2022-12-21 18:03:47.281 [warning] [Decorations] CAPPING events from decorations provider vscode.git 1921
2022-12-21 18:03:52.429 [warning] [Decorations] CAPPING events from decorations provider vscode.git 1921
2022-12-21 18:03:57.569 [warning] [Decorations] CAPPING events from decorations provider vscode.git 1921
2022-12-21 18:04:02.703 [warning] [Decorations] CAPPING events from decorations provider vscode.git 1921
2022-12-21 18:04:07.835 [warning] [Decorations] CAPPING events from decorations provider vscode.git 1921
2022-12-21 18:04:12.968 [warning] [Decorations] CAPPING events from decorations provider vscode.git 1921
2022-12-21 18:04:18.165 [warning] [Decorations] CAPPING events from decorations provider vscode.git 1921
2022-12-21 18:04:23.299 [warning] [Decorations] CAPPING events from decorations provider vscode.git 1921
2022-12-21 18:04:28.374 [warning] [Decorations] CAPPING events from decorations provider vscode.git 1921
2022-12-21 18:04:33.506 [warning] [Decorations] CAPPING events from decorations provider vscode.git 1921
2022-12-21 18:04:38.641 [warning] [Decorations] CAPPING events from decorations provider vscode.git 1921
2022-12-21 18:04:43.781 [warning] [Decorations] CAPPING events from decorations provider vscode.git 1921
2022-12-21 18:05:37.543 [warning] [Decorations] CAPPING events from decorations provider vscode.git 1921
2022-12-21 18:05:42.620 [warning] [Decorations] CAPPING events from decorations provider vscode.git 1921
2022-12-21 18:05:47.703 [warning] [Decorations] CAPPING events from decorations provider vscode.git 1921
2022-12-21 18:05:52.788 [warning] [Decorations] CAPPING events from decorations provider vscode.git 1921
2022-12-21 18:05:57.877 [warning] [Decorations] CAPPING events from decorations provider vscode.git 1921
2022-12-21 18:06:02.955 [warning] [Decorations] CAPPING events from decorations provider vscode.git 1920
2022-12-21 18:06:08.034 [warning] [Decorations] CAPPING events from decorations provider vscode.git 1920
2022-12-21 18:06:13.187 [warning] [Decorations] CAPPING events from decorations provider vscode.git 1920
2022-12-21 18:06:18.265 [warning] [Decorations] CAPPING events from decorations provider vscode.git 1920
2022-12-21 18:06:23.404 [warning] [Decorations] CAPPING events from decorations provider vscode.git 1920
2022-12-21 18:06:28.533 [warning] [Decorations] CAPPING events from decorations provider vscode.git 1920
2022-12-21 18:06:33.619 [warning] [Decorations] CAPPING events from decorations provider vscode.git 1920
2022-12-21 18:06:38.750 [warning] [Decorations] CAPPING events from decorations provider vscode.git 1921
2022-12-21 18:06:43.824 [warning] [Decorations] CAPPING events from decorations provider vscode.git 1921
2022-12-21 18:06:48.904 [warning] [Decorations] CAPPING events from decorations provider vscode.git 1921
2022-12-21 18:06:54.049 [warning] [Decorations] CAPPING events from decorations provider vscode.git 1921
2022-12-21 18:06:59.154 [warning] [Decorations] CAPPING events from decorations provider vscode.git 1921
2022-12-21 18:07:04.295 [warning] [Decorations] CAPPING events from decorations provider vscode.git 1921
2022-12-21 18:07:09.376 [warning] [Decorations] CAPPING events from decorations provider vscode.git 1922
2022-12-21 18:07:14.448 [warning] [Decorations] CAPPING events from decorations provider vscode.git 1922
2022-12-21 18:07:19.630 [warning] [Decorations] CAPPING events from decorations provider vscode.git 1922
2022-12-21 18:07:24.716 [warning] [Decorations] CAPPING events from decorations provider vscode.git 1922
2022-12-21 18:07:29.863 [warning] [Decorations] CAPPING events from decorations provider vscode.git 1922
2022-12-21 18:07:34.999 [warning] [Decorations] CAPPING events from decorations provider vscode.git 1922
2022-12-21 18:07:40.139 [warning] [Decorations] CAPPING events from decorations provider vscode.git 1922
2022-12-21 18:07:45.212 [warning] [Decorations] CAPPING events from decorations provider vscode.git 1922
2022-12-21 18:07:50.352 [warning] [Decorations] CAPPING events from decorations provider vscode.git 1922
2022-12-21 18:07:55.428 [warning] [Decorations] CAPPING events from decorations provider vscode.git 1922
2022-12-21 18:08:00.578 [warning] [Decorations] CAPPING events from decorations provider vscode.git 1922
2022-12-21 18:08:05.797 [warning] [Decorations] CAPPING events from decorations provider vscode.git 1922
2022-12-21 18:08:10.973 [warning] [Decorations] CAPPING events from decorations provider vscode.git 1923
2022-12-21 18:08:16.056 [warning] [Decorations] CAPPING events from decorations provider vscode.git 1924
2022-12-21 18:08:21.132 [warning] [Decorations] CAPPING events from decorations provider vscode.git 1924
2022-12-21 18:08:26.344 [warning] [Decorations] CAPPING events from decorations provider vscode.git 1924
2022-12-21 18:08:31.426 [warning] [Decorations] CAPPING events from decorations provider vscode.git 1924
2022-12-21 18:08:36.515 [warning] [Decorations] CAPPING events from decorations provider vscode.git 1925
2022-12-21 18:08:41.676 [warning] [Decorations] CAPPING events from decorations provider vscode.git 1925
2022-12-21 18:08:46.804 [warning] [Decorations] CAPPING events from decorations provider vscode.git 1925
2022-12-21 18:08:51.883 [warning] [Decorations] CAPPING events from decorations provider vscode.git 1922
2022-12-21 18:08:56.957 [warning] [Decorations] CAPPING events from decorations provider vscode.git 1922
2022-12-21 18:09:02.173 [warning] [Decorations] CAPPING events from decorations provider vscode.git 1922
2022-12-21 18:09:07.299 [warning] [Decorations] CAPPING events from decorations provider vscode.git 1922
2022-12-21 18:09:12.863 [warning] [Decorations] CAPPING events from decorations provider vscode.git 1922
2022-12-21 18:09:17.978 [warning] [Decorations] CAPPING events from decorations provider vscode.git 1922
2022-12-21 18:09:23.055 [warning] [Decorations] CAPPING events from decorations provider vscode.git 1922
