2022-12-20 23:12:58.404 [info] Log level: Info
2022-12-20 23:12:58.405 [info] Validating found git in: "git"
2022-12-20 23:12:58.405 [info] Using git "1.8.3.1" from "git"
2022-12-20 23:12:58.405 [info] > git rev-parse --show-toplevel [130ms]
2022-12-20 23:12:58.405 [info] > git rev-parse --git-dir --git-common-dir [1ms]
2022-12-20 23:12:58.405 [info] Open repository: /root/task1
2022-12-20 23:12:58.405 [warning] ENOENT: no such file or directory, open '/root/task1/--git-common-dir/config'
2022-12-20 23:12:58.405 [info] > git rev-parse --show-toplevel [21ms]
2022-12-20 23:12:58.405 [info] > git rev-parse --git-dir --git-common-dir [1ms]
2022-12-20 23:12:58.405 [info] Open repository: /root/task1/ansible-task1
2022-12-20 23:12:58.405 [info] > git config --get commit.template [20ms]
2022-12-20 23:12:58.405 [info] > git remote --verbose [26ms]
2022-12-20 23:12:58.405 [warning] ENOENT: no such file or directory, open '/root/task1/ansible-task1/--git-common-dir/config'
2022-12-20 23:12:58.405 [info] > git config --get commit.template [6ms]
2022-12-20 23:12:58.405 [info] > git remote --verbose [12ms]
2022-12-20 23:12:58.405 [info] > git for-each-ref --format=%(refname)%00%(upstream:short)%00%(objectname) refs/heads/master refs/remotes/master [3ms]
2022-12-20 23:12:58.405 [info] > git rev-list --left-right --count master...origin/master [1ms]
2022-12-20 23:12:58.405 [info] > git status -z -uall [11ms]
2022-12-20 23:12:58.405 [info] > git for-each-ref --sort -committerdate --format %(refname) %(objectname) %(*objectname) [6ms]
2022-12-20 23:12:58.405 [info] > git for-each-ref --format=%(refname)%00%(upstream:short)%00%(objectname) refs/heads/master refs/remotes/master [10ms]
2022-12-20 23:12:58.405 [warning] ENOENT: no such file or directory, open '/root/task1/--git-common-dir/config'
2022-12-20 23:12:58.405 [info] > git status -z -uall [14ms]
2022-12-20 23:12:58.405 [info] > git for-each-ref --sort -committerdate --format %(refname) %(objectname) %(*objectname) [10ms]
2022-12-20 23:12:58.405 [info] > git config --get commit.template [4ms]
2022-12-20 23:12:58.405 [info] > git remote --verbose [8ms]
2022-12-20 23:12:58.405 [warning] ENOENT: no such file or directory, open '/root/task1/ansible-task1/--git-common-dir/config'
2022-12-20 23:12:58.405 [info] > git config --get commit.template [1ms]
2022-12-20 23:12:58.405 [info] > git remote --verbose [5ms]
2022-12-20 23:12:58.405 [info] > git for-each-ref --format=%(refname)%00%(upstream:short)%00%(objectname) refs/heads/master refs/remotes/master [1ms]
2022-12-20 23:12:58.405 [info] > git rev-list --left-right --count master...origin/master [6ms]
2022-12-20 23:12:58.405 [info] > git status -z -uall [6ms]
2022-12-20 23:12:58.405 [info] > git for-each-ref --sort -committerdate --format %(refname) %(objectname) %(*objectname) [1ms]
2022-12-20 23:12:58.405 [info] > git for-each-ref --format=%(refname)%00%(upstream:short)%00%(objectname) refs/heads/master refs/remotes/master [14ms]
2022-12-20 23:12:58.405 [info] > git status -z -uall [11ms]
2022-12-20 23:12:58.405 [info] > git for-each-ref --sort -committerdate --format %(refname) %(objectname) %(*objectname) [7ms]
2022-12-20 23:12:58.406 [info] > git show --textconv :website.yml [9ms]
2022-12-20 23:12:58.406 [info] > git ls-files --stage -- /root/task1/website.yml [2ms]
2022-12-20 23:12:58.413 [info] > git cat-file -s 402e831bf6cd428014df3938d25872f6aa457f92 [2ms]
2022-12-20 23:12:58.571 [info] > git check-ignore -v -z --stdin [7ms]
2022-12-20 23:12:58.573 [info] > git check-ignore -v -z --stdin [4ms]
2022-12-20 23:19:31.349 [info] > git check-ignore -v -z --stdin [3ms]
2022-12-20 23:55:23.290 [info] Log level: Info
2022-12-20 23:55:23.290 [info] Validating found git in: "git"
2022-12-20 23:55:23.290 [info] Using git "1.8.3.1" from "git"
2022-12-20 23:55:23.290 [info] > git rev-parse --show-toplevel [59ms]
2022-12-20 23:55:23.290 [info] > git rev-parse --git-dir --git-common-dir [1ms]
2022-12-20 23:55:23.290 [info] Open repository: /root/task1
2022-12-20 23:55:23.290 [warning] ENOENT: no such file or directory, open '/root/task1/--git-common-dir/config'
2022-12-20 23:55:23.290 [info] > git rev-parse --show-toplevel [16ms]
2022-12-20 23:55:23.290 [info] > git rev-parse --git-dir --git-common-dir [1ms]
2022-12-20 23:55:23.290 [info] Open repository: /root/task1/ansible-task1
2022-12-20 23:55:23.290 [info] > git config --get commit.template [21ms]
2022-12-20 23:55:23.290 [info] > git remote --verbose [27ms]
2022-12-20 23:55:23.290 [warning] ENOENT: no such file or directory, open '/root/task1/ansible-task1/--git-common-dir/config'
2022-12-20 23:55:23.290 [info] > git config --get commit.template [7ms]
2022-12-20 23:55:23.290 [info] > git remote --verbose [13ms]
2022-12-20 23:55:23.290 [info] > git for-each-ref --format=%(refname)%00%(upstream:short)%00%(objectname) refs/heads/master refs/remotes/master [3ms]
2022-12-20 23:55:23.290 [info] > git rev-list --left-right --count master...origin/master [1ms]
2022-12-20 23:55:23.290 [info] > git status -z -uall [14ms]
2022-12-20 23:55:23.290 [info] > git for-each-ref --sort -committerdate --format %(refname) %(objectname) %(*objectname) [9ms]
2022-12-20 23:55:23.290 [info] > git for-each-ref --format=%(refname)%00%(upstream:short)%00%(objectname) refs/heads/master refs/remotes/master [11ms]
2022-12-20 23:55:23.290 [warning] ENOENT: no such file or directory, open '/root/task1/--git-common-dir/config'
2022-12-20 23:55:23.290 [info] > git status -z -uall [15ms]
2022-12-20 23:55:23.290 [info] > git for-each-ref --sort -committerdate --format %(refname) %(objectname) %(*objectname) [10ms]
2022-12-20 23:55:23.290 [info] > git config --get commit.template [5ms]
2022-12-20 23:55:23.290 [info] > git remote --verbose [9ms]
2022-12-20 23:55:23.290 [warning] ENOENT: no such file or directory, open '/root/task1/ansible-task1/--git-common-dir/config'
2022-12-20 23:55:23.290 [info] > git config --get commit.template [1ms]
2022-12-20 23:55:23.290 [info] > git remote --verbose [6ms]
2022-12-20 23:55:23.290 [info] > git for-each-ref --format=%(refname)%00%(upstream:short)%00%(objectname) refs/heads/master refs/remotes/master [1ms]
2022-12-20 23:55:23.290 [info] > git rev-list --left-right --count master...origin/master [5ms]
2022-12-20 23:55:23.290 [info] > git status -z -uall [6ms]
2022-12-20 23:55:23.290 [info] > git for-each-ref --sort -committerdate --format %(refname) %(objectname) %(*objectname) [1ms]
2022-12-20 23:55:23.290 [info] > git for-each-ref --format=%(refname)%00%(upstream:short)%00%(objectname) refs/heads/master refs/remotes/master [15ms]
2022-12-20 23:55:23.290 [info] > git status -z -uall [15ms]
2022-12-20 23:55:23.290 [info] > git for-each-ref --sort -committerdate --format %(refname) %(objectname) %(*objectname) [7ms]
2022-12-20 23:55:23.290 [info] > git ls-files --stage -- /root/task1/website.yml [40ms]
2022-12-20 23:55:23.290 [info] > git cat-file -s 402e831bf6cd428014df3938d25872f6aa457f92 [0ms]
2022-12-20 23:55:23.290 [info] > git show --textconv :website.yml [1ms]
2022-12-20 23:55:23.719 [info] > git check-ignore -v -z --stdin [3ms]
