2022-12-20 19:36:03.205 [info] Log level: Info
2022-12-20 19:36:03.205 [info] Validating found git in: "git"
2022-12-20 19:36:03.205 [info] Using git "1.8.3.1" from "git"
2022-12-20 19:36:03.205 [info] > git rev-parse --show-toplevel [62ms]
2022-12-20 19:36:03.205 [info] > git rev-parse --git-dir --git-common-dir [8ms]
2022-12-20 19:36:03.205 [info] Open repository: /root/task1
2022-12-20 19:36:03.205 [warning] ENOENT: no such file or directory, open '/root/task1/--git-common-dir/config'
2022-12-20 19:36:03.205 [info] > git config --get commit.template [1ms]
2022-12-20 19:36:03.205 [info] > git remote --verbose [7ms]
2022-12-20 19:36:03.205 [info] > git for-each-ref --format=%(refname)%00%(upstream:short)%00%(objectname) refs/heads/master refs/remotes/master [2ms]
2022-12-20 19:36:03.205 [info] > git status -z -uall [7ms]
2022-12-20 19:36:03.205 [info] > git for-each-ref --sort -committerdate --format %(refname) %(objectname) %(*objectname) [1ms]
2022-12-20 19:36:03.205 [warning] ENOENT: no such file or directory, open '/root/task1/--git-common-dir/config'
2022-12-20 19:36:03.205 [info] > git config --get commit.template [1ms]
2022-12-20 19:36:03.206 [info] > git remote --verbose [6ms]
2022-12-20 19:36:03.206 [info] > git for-each-ref --format=%(refname)%00%(upstream:short)%00%(objectname) refs/heads/master refs/remotes/master [1ms]
2022-12-20 19:36:03.206 [info] > git status -z -uall [6ms]
2022-12-20 19:36:03.206 [info] > git for-each-ref --sort -committerdate --format %(refname) %(objectname) %(*objectname) [2ms]
2022-12-20 19:36:41.776 [info] > git check-ignore -v -z --stdin [2ms]
2022-12-20 19:37:42.564 [info] > git check-ignore -v -z --stdin [1ms]
2022-12-20 19:37:43.075 [info] > git show --textconv :website.yml [7ms]
2022-12-20 19:37:43.076 [info] > git ls-files --stage -- /root/task1/website.yml [2ms]
2022-12-20 19:37:43.306 [warning] ENOENT: no such file or directory, open '/root/task1/--git-common-dir/config'
2022-12-20 19:37:43.312 [info] > git config --get commit.template [1ms]
2022-12-20 19:37:43.313 [info] > git remote --verbose [6ms]
2022-12-20 19:37:43.319 [info] > git for-each-ref --format=%(refname)%00%(upstream:short)%00%(objectname) refs/heads/master refs/remotes/master [0ms]
2022-12-20 19:37:43.330 [info] > git status -z -uall [5ms]
2022-12-20 19:37:43.331 [info] > git for-each-ref --sort -committerdate --format %(refname) %(objectname) %(*objectname) [2ms]
2022-12-20 19:38:00.159 [warning] ENOENT: no such file or directory, open '/root/task1/--git-common-dir/config'
2022-12-20 19:38:00.165 [info] > git config --get commit.template [1ms]
2022-12-20 19:38:00.165 [info] > git remote --verbose [6ms]
2022-12-20 19:38:00.172 [info] > git for-each-ref --format=%(refname)%00%(upstream:short)%00%(objectname) refs/heads/master refs/remotes/master [0ms]
2022-12-20 19:38:00.185 [info] > git status -z -uall [8ms]
2022-12-20 19:38:00.185 [info] > git for-each-ref --sort -committerdate --format %(refname) %(objectname) %(*objectname) [1ms]
2022-12-20 19:38:44.967 [warning] ENOENT: no such file or directory, open '/root/task1/--git-common-dir/config'
2022-12-20 19:38:44.972 [info] > git config --get commit.template [1ms]
2022-12-20 19:38:44.973 [info] > git remote --verbose [5ms]
2022-12-20 19:38:44.979 [info] > git for-each-ref --format=%(refname)%00%(upstream:short)%00%(objectname) refs/heads/master refs/remotes/master [0ms]
2022-12-20 19:38:44.989 [info] > git status -z -uall [5ms]
2022-12-20 19:38:44.989 [info] > git for-each-ref --sort -committerdate --format %(refname) %(objectname) %(*objectname) [0ms]
2022-12-20 19:39:39.037 [warning] ENOENT: no such file or directory, open '/root/task1/--git-common-dir/config'
2022-12-20 19:39:39.042 [info] > git config --get commit.template [1ms]
2022-12-20 19:39:39.042 [info] > git remote --verbose [5ms]
2022-12-20 19:39:39.048 [info] > git for-each-ref --format=%(refname)%00%(upstream:short)%00%(objectname) refs/heads/master refs/remotes/master [0ms]
2022-12-20 19:39:39.058 [info] > git status -z -uall [5ms]
2022-12-20 19:39:39.058 [info] > git for-each-ref --sort -committerdate --format %(refname) %(objectname) %(*objectname) [1ms]
2022-12-20 19:42:30.934 [warning] ENOENT: no such file or directory, open '/root/task1/--git-common-dir/config'
2022-12-20 19:42:30.940 [info] > git config --get commit.template [2ms]
2022-12-20 19:42:30.940 [info] > git remote --verbose [6ms]
2022-12-20 19:42:30.947 [info] > git for-each-ref --format=%(refname)%00%(upstream:short)%00%(objectname) refs/heads/master refs/remotes/master [1ms]
2022-12-20 19:42:30.959 [info] > git status -z -uall [7ms]
2022-12-20 19:42:30.959 [info] > git for-each-ref --sort -committerdate --format %(refname) %(objectname) %(*objectname) [1ms]
2022-12-20 19:42:35.971 [warning] ENOENT: no such file or directory, open '/root/task1/--git-common-dir/config'
2022-12-20 19:42:35.978 [info] > git config --get commit.template [0ms]
2022-12-20 19:42:35.978 [info] > git remote --verbose [7ms]
2022-12-20 19:42:35.985 [info] > git for-each-ref --format=%(refname)%00%(upstream:short)%00%(objectname) refs/heads/master refs/remotes/master [0ms]
2022-12-20 19:42:35.997 [info] > git status -z -uall [6ms]
2022-12-20 19:42:35.998 [info] > git for-each-ref --sort -committerdate --format %(refname) %(objectname) %(*objectname) [1ms]
2022-12-20 19:42:50.873 [warning] ENOENT: no such file or directory, open '/root/task1/--git-common-dir/config'
2022-12-20 19:42:50.879 [info] > git config --get commit.template [0ms]
2022-12-20 19:42:50.880 [info] > git remote --verbose [7ms]
2022-12-20 19:42:50.885 [info] > git for-each-ref --format=%(refname)%00%(upstream:short)%00%(objectname) refs/heads/master refs/remotes/master [1ms]
2022-12-20 19:42:50.896 [info] > git status -z -uall [5ms]
2022-12-20 19:42:50.897 [info] > git for-each-ref --sort -committerdate --format %(refname) %(objectname) %(*objectname) [1ms]
2022-12-20 19:42:56.534 [warning] ENOENT: no such file or directory, open '/root/task1/--git-common-dir/config'
2022-12-20 19:42:56.539 [info] > git config --get commit.template [0ms]
2022-12-20 19:42:56.540 [info] > git remote --verbose [6ms]
2022-12-20 19:42:56.545 [info] > git for-each-ref --format=%(refname)%00%(upstream:short)%00%(objectname) refs/heads/master refs/remotes/master [1ms]
2022-12-20 19:42:56.556 [info] > git status -z -uall [5ms]
2022-12-20 19:42:56.556 [info] > git for-each-ref --sort -committerdate --format %(refname) %(objectname) %(*objectname) [1ms]
2022-12-20 19:43:01.566 [warning] ENOENT: no such file or directory, open '/root/task1/--git-common-dir/config'
2022-12-20 19:43:01.573 [info] > git config --get commit.template [1ms]
2022-12-20 19:43:01.573 [info] > git remote --verbose [8ms]
2022-12-20 19:43:01.580 [info] > git for-each-ref --format=%(refname)%00%(upstream:short)%00%(objectname) refs/heads/master refs/remotes/master [1ms]
2022-12-20 19:43:01.592 [info] > git status -z -uall [6ms]
2022-12-20 19:43:01.592 [info] > git for-each-ref --sort -committerdate --format %(refname) %(objectname) %(*objectname) [1ms]
2022-12-20 19:43:07.996 [warning] ENOENT: no such file or directory, open '/root/task1/--git-common-dir/config'
2022-12-20 19:43:08.002 [info] > git config --get commit.template [1ms]
2022-12-20 19:43:08.003 [info] > git remote --verbose [7ms]
2022-12-20 19:43:08.008 [info] > git for-each-ref --format=%(refname)%00%(upstream:short)%00%(objectname) refs/heads/master refs/remotes/master [0ms]
2022-12-20 19:43:08.019 [info] > git status -z -uall [5ms]
2022-12-20 19:43:08.019 [info] > git for-each-ref --sort -committerdate --format %(refname) %(objectname) %(*objectname) [1ms]
2022-12-20 19:44:58.502 [warning] ENOENT: no such file or directory, open '/root/task1/--git-common-dir/config'
2022-12-20 19:44:58.509 [info] > git config --get commit.template [0ms]
2022-12-20 19:44:58.509 [info] > git remote --verbose [7ms]
2022-12-20 19:44:58.515 [info] > git for-each-ref --format=%(refname)%00%(upstream:short)%00%(objectname) refs/heads/master refs/remotes/master [0ms]
2022-12-20 19:44:58.528 [info] > git status -z -uall [6ms]
2022-12-20 19:44:58.528 [info] > git for-each-ref --sort -committerdate --format %(refname) %(objectname) %(*objectname) [0ms]
2022-12-20 19:45:09.516 [warning] ENOENT: no such file or directory, open '/root/task1/--git-common-dir/config'
2022-12-20 19:45:09.525 [info] > git config --get commit.template [1ms]
2022-12-20 19:45:09.525 [info] > git remote --verbose [9ms]
2022-12-20 19:45:09.531 [info] > git for-each-ref --format=%(refname)%00%(upstream:short)%00%(objectname) refs/heads/master refs/remotes/master [0ms]
2022-12-20 19:45:09.541 [info] > git status -z -uall [5ms]
2022-12-20 19:45:09.541 [info] > git for-each-ref --sort -committerdate --format %(refname) %(objectname) %(*objectname) [1ms]
2022-12-20 19:45:14.552 [warning] ENOENT: no such file or directory, open '/root/task1/--git-common-dir/config'
2022-12-20 19:45:14.561 [info] > git config --get commit.template [1ms]
2022-12-20 19:45:14.561 [info] > git remote --verbose [9ms]
2022-12-20 19:45:14.569 [info] > git for-each-ref --format=%(refname)%00%(upstream:short)%00%(objectname) refs/heads/master refs/remotes/master [1ms]
2022-12-20 19:45:14.583 [info] > git status -z -uall [7ms]
2022-12-20 19:45:14.584 [info] > git for-each-ref --sort -committerdate --format %(refname) %(objectname) %(*objectname) [1ms]
2022-12-20 19:45:19.592 [warning] ENOENT: no such file or directory, open '/root/task1/--git-common-dir/config'
2022-12-20 19:45:19.598 [info] > git config --get commit.template [0ms]
2022-12-20 19:45:19.598 [info] > git remote --verbose [6ms]
2022-12-20 19:45:19.604 [info] > git for-each-ref --format=%(refname)%00%(upstream:short)%00%(objectname) refs/heads/master refs/remotes/master [0ms]
2022-12-20 19:45:19.614 [info] > git status -z -uall [5ms]
2022-12-20 19:45:19.614 [info] > git for-each-ref --sort -committerdate --format %(refname) %(objectname) %(*objectname) [1ms]
2022-12-20 19:47:21.526 [warning] ENOENT: no such file or directory, open '/root/task1/--git-common-dir/config'
2022-12-20 19:47:21.531 [info] > git config --get commit.template [1ms]
2022-12-20 19:47:21.531 [info] > git remote --verbose [5ms]
2022-12-20 19:47:21.536 [info] > git for-each-ref --format=%(refname)%00%(upstream:short)%00%(objectname) refs/heads/master refs/remotes/master [0ms]
2022-12-20 19:47:21.546 [info] > git status -z -uall [5ms]
2022-12-20 19:47:21.547 [info] > git for-each-ref --sort -committerdate --format %(refname) %(objectname) %(*objectname) [0ms]
2022-12-20 19:47:28.914 [warning] ENOENT: no such file or directory, open '/root/task1/--git-common-dir/config'
2022-12-20 19:47:28.920 [info] > git config --get commit.template [1ms]
2022-12-20 19:47:28.920 [info] > git remote --verbose [6ms]
2022-12-20 19:47:28.927 [info] > git for-each-ref --format=%(refname)%00%(upstream:short)%00%(objectname) refs/heads/master refs/remotes/master [1ms]
2022-12-20 19:47:28.940 [info] > git status -z -uall [6ms]
2022-12-20 19:47:28.940 [info] > git for-each-ref --sort -committerdate --format %(refname) %(objectname) %(*objectname) [1ms]
2022-12-20 19:47:33.950 [warning] ENOENT: no such file or directory, open '/root/task1/--git-common-dir/config'
2022-12-20 19:47:33.955 [info] > git config --get commit.template [1ms]
2022-12-20 19:47:33.955 [info] > git remote --verbose [5ms]
2022-12-20 19:47:33.961 [info] > git for-each-ref --format=%(refname)%00%(upstream:short)%00%(objectname) refs/heads/master refs/remotes/master [1ms]
2022-12-20 19:47:33.970 [info] > git status -z -uall [5ms]
2022-12-20 19:47:33.970 [info] > git for-each-ref --sort -committerdate --format %(refname) %(objectname) %(*objectname) [1ms]
2022-12-20 19:47:38.979 [warning] ENOENT: no such file or directory, open '/root/task1/--git-common-dir/config'
2022-12-20 19:47:38.985 [info] > git config --get commit.template [0ms]
2022-12-20 19:47:38.985 [info] > git remote --verbose [7ms]
2022-12-20 19:47:38.991 [info] > git for-each-ref --format=%(refname)%00%(upstream:short)%00%(objectname) refs/heads/master refs/remotes/master [1ms]
2022-12-20 19:47:39.006 [info] > git status -z -uall [7ms]
2022-12-20 19:47:39.006 [info] > git for-each-ref --sort -committerdate --format %(refname) %(objectname) %(*objectname) [1ms]
2022-12-20 19:47:44.015 [warning] ENOENT: no such file or directory, open '/root/task1/--git-common-dir/config'
2022-12-20 19:47:44.021 [info] > git config --get commit.template [1ms]
2022-12-20 19:47:44.022 [info] > git remote --verbose [6ms]
2022-12-20 19:47:44.028 [info] > git for-each-ref --format=%(refname)%00%(upstream:short)%00%(objectname) refs/heads/master refs/remotes/master [0ms]
2022-12-20 19:47:44.038 [info] > git status -z -uall [5ms]
2022-12-20 19:47:44.038 [info] > git for-each-ref --sort -committerdate --format %(refname) %(objectname) %(*objectname) [0ms]
2022-12-20 19:49:51.007 [warning] ENOENT: no such file or directory, open '/root/task1/--git-common-dir/config'
2022-12-20 19:49:51.012 [info] > git config --get commit.template [1ms]
2022-12-20 19:49:51.013 [info] > git remote --verbose [6ms]
2022-12-20 19:49:51.018 [info] > git for-each-ref --format=%(refname)%00%(upstream:short)%00%(objectname) refs/heads/master refs/remotes/master [0ms]
2022-12-20 19:49:51.029 [info] > git status -z -uall [5ms]
2022-12-20 19:49:51.029 [info] > git for-each-ref --sort -committerdate --format %(refname) %(objectname) %(*objectname) [1ms]
2022-12-20 19:49:56.038 [warning] ENOENT: no such file or directory, open '/root/task1/--git-common-dir/config'
2022-12-20 19:49:56.044 [info] > git config --get commit.template [1ms]
2022-12-20 19:49:56.044 [info] > git remote --verbose [6ms]
2022-12-20 19:49:56.052 [info] > git for-each-ref --format=%(refname)%00%(upstream:short)%00%(objectname) refs/heads/master refs/remotes/master [0ms]
2022-12-20 19:49:56.064 [info] > git status -z -uall [6ms]
2022-12-20 19:49:56.064 [info] > git for-each-ref --sort -committerdate --format %(refname) %(objectname) %(*objectname) [1ms]
2022-12-20 19:50:01.768 [warning] ENOENT: no such file or directory, open '/root/task1/--git-common-dir/config'
2022-12-20 19:50:01.776 [info] > git config --get commit.template [1ms]
2022-12-20 19:50:01.777 [info] > git remote --verbose [10ms]
2022-12-20 19:50:01.785 [info] > git for-each-ref --format=%(refname)%00%(upstream:short)%00%(objectname) refs/heads/master refs/remotes/master [1ms]
2022-12-20 19:50:01.803 [info] > git status -z -uall [9ms]
2022-12-20 19:50:01.804 [info] > git for-each-ref --sort -committerdate --format %(refname) %(objectname) %(*objectname) [1ms]
2022-12-20 19:50:06.816 [warning] ENOENT: no such file or directory, open '/root/task1/--git-common-dir/config'
2022-12-20 19:50:06.827 [info] > git config --get commit.template [1ms]
2022-12-20 19:50:06.827 [info] > git remote --verbose [11ms]
2022-12-20 19:50:06.836 [info] > git for-each-ref --format=%(refname)%00%(upstream:short)%00%(objectname) refs/heads/master refs/remotes/master [1ms]
2022-12-20 19:50:06.853 [info] > git status -z -uall [9ms]
2022-12-20 19:50:06.854 [info] > git for-each-ref --sort -committerdate --format %(refname) %(objectname) %(*objectname) [2ms]
2022-12-20 19:50:11.864 [warning] ENOENT: no such file or directory, open '/root/task1/--git-common-dir/config'
2022-12-20 19:50:11.870 [info] > git config --get commit.template [1ms]
2022-12-20 19:50:11.870 [info] > git remote --verbose [6ms]
2022-12-20 19:50:11.877 [info] > git for-each-ref --format=%(refname)%00%(upstream:short)%00%(objectname) refs/heads/master refs/remotes/master [1ms]
2022-12-20 19:50:11.890 [info] > git status -z -uall [6ms]
2022-12-20 19:50:11.890 [info] > git for-each-ref --sort -committerdate --format %(refname) %(objectname) %(*objectname) [1ms]
2022-12-20 19:51:27.808 [info] > git add -A -- . [1ms]
2022-12-20 19:51:27.819 [info] > git -c user.useConfigOnly=true commit --quiet --allow-empty-message --file - [4ms]
2022-12-20 19:51:27.825 [info] > git config --get commit.template [1ms]
2022-12-20 19:51:27.832 [warning] ENOENT: no such file or directory, open '/root/task1/--git-common-dir/config'
2022-12-20 19:51:27.838 [info] > git config --get commit.template [1ms]
2022-12-20 19:51:27.838 [info] > git remote --verbose [6ms]
2022-12-20 19:51:27.847 [info] > git for-each-ref --format=%(refname)%00%(upstream:short)%00%(objectname) refs/heads/master refs/remotes/master [1ms]
2022-12-20 19:51:27.866 [info] > git status -z -uall [9ms]
2022-12-20 19:51:27.867 [info] > git for-each-ref --sort -committerdate --format %(refname) %(objectname) %(*objectname) [1ms]
2022-12-20 19:51:27.943 [warning] ENOENT: no such file or directory, open '/root/task1/--git-common-dir/config'
2022-12-20 19:51:27.950 [info] > git config --get commit.template [1ms]
2022-12-20 19:51:27.950 [info] > git remote --verbose [7ms]
2022-12-20 19:51:27.957 [info] > git for-each-ref --format=%(refname)%00%(upstream:short)%00%(objectname) refs/heads/master refs/remotes/master [0ms]
2022-12-20 19:51:27.972 [info] > git status -z -uall [9ms]
2022-12-20 19:51:27.972 [info] > git for-each-ref --sort -committerdate --format %(refname) %(objectname) %(*objectname) [3ms]
2022-12-20 19:51:29.114 [info] > git ls-files --stage -- /root/task1/website.yml [0ms]
2022-12-20 19:51:29.121 [info] > git cat-file -s 402e831bf6cd428014df3938d25872f6aa457f92 [1ms]
2022-12-20 19:51:29.159 [info] > git show --textconv :website.yml [0ms]
2022-12-20 19:52:39.503 [warning] ENOENT: no such file or directory, open '/root/task1/--git-common-dir/config'
2022-12-20 19:52:39.509 [info] > git config --get commit.template [1ms]
2022-12-20 19:52:39.509 [info] > git remote --verbose [6ms]
2022-12-20 19:52:39.515 [info] > git for-each-ref --format=%(refname)%00%(upstream:short)%00%(objectname) refs/heads/master refs/remotes/master [1ms]
2022-12-20 19:52:39.527 [info] > git status -z -uall [6ms]
2022-12-20 19:52:39.527 [info] > git for-each-ref --sort -committerdate --format %(refname) %(objectname) %(*objectname) [1ms]
2022-12-20 19:53:10.459 [info] > git push -u origin master [630ms]
2022-12-20 19:53:10.459 [info] Warning: Permanently added the ECDSA host key for IP address '140.82.112.3' to the list of known hosts.
To git@github.com:Gomonich/ansible-task1.git
 * [new branch]      master -> master
2022-12-20 19:53:10.467 [warning] ENOENT: no such file or directory, open '/root/task1/--git-common-dir/config'
2022-12-20 19:53:10.473 [info] > git config --get commit.template [1ms]
2022-12-20 19:53:10.473 [info] > git remote --verbose [6ms]
2022-12-20 19:53:10.479 [info] > git for-each-ref --format=%(refname)%00%(upstream:short)%00%(objectname) refs/heads/master refs/remotes/master [1ms]
2022-12-20 19:53:10.485 [info] > git rev-list --left-right --count master...origin/master [1ms]
2022-12-20 19:53:10.498 [info] > git status -z -uall [7ms]
2022-12-20 19:53:10.499 [info] > git for-each-ref --sort -committerdate --format %(refname) %(objectname) %(*objectname) [1ms]
2022-12-20 19:53:11.663 [warning] ENOENT: no such file or directory, open '/root/task1/--git-common-dir/config'
2022-12-20 19:53:11.669 [info] > git config --get commit.template [1ms]
2022-12-20 19:53:11.669 [info] > git remote --verbose [6ms]
2022-12-20 19:53:11.677 [info] > git for-each-ref --format=%(refname)%00%(upstream:short)%00%(objectname) refs/heads/master refs/remotes/master [1ms]
2022-12-20 19:53:11.685 [info] > git rev-list --left-right --count master...origin/master [0ms]
2022-12-20 19:53:11.697 [info] > git status -z -uall [6ms]
2022-12-20 19:53:11.698 [info] > git for-each-ref --sort -committerdate --format %(refname) %(objectname) %(*objectname) [0ms]
2022-12-20 19:53:11.799 [info] > git ls-files --stage -- /root/task1/website.yml [0ms]
2022-12-20 19:53:11.805 [info] > git cat-file -s 402e831bf6cd428014df3938d25872f6aa457f92 [0ms]
2022-12-20 19:53:11.844 [info] > git show --textconv :website.yml [1ms]
2022-12-20 19:53:25.231 [info] > git log --oneline --cherry master...master@{upstream} -- [1ms]
2022-12-20 19:53:25.587 [info] > git pull --tags origin master [346ms]
2022-12-20 19:53:25.587 [info] From github.com:Gomonich/ansible-task1
 * branch            master     -> FETCH_HEAD
2022-12-20 19:53:25.593 [warning] ENOENT: no such file or directory, open '/root/task1/--git-common-dir/config'
2022-12-20 19:53:25.599 [info] > git config --get commit.template [1ms]
2022-12-20 19:53:25.599 [info] > git remote --verbose [6ms]
2022-12-20 19:53:25.606 [info] > git for-each-ref --format=%(refname)%00%(upstream:short)%00%(objectname) refs/heads/master refs/remotes/master [2ms]
2022-12-20 19:53:25.615 [info] > git rev-list --left-right --count master...origin/master [0ms]
2022-12-20 19:53:25.628 [info] > git status -z -uall [7ms]
2022-12-20 19:53:25.628 [info] > git for-each-ref --sort -committerdate --format %(refname) %(objectname) %(*objectname) [1ms]
2022-12-20 19:53:26.719 [warning] ENOENT: no such file or directory, open '/root/task1/--git-common-dir/config'
2022-12-20 19:53:26.727 [info] > git config --get commit.template [1ms]
2022-12-20 19:53:26.727 [info] > git remote --verbose [9ms]
2022-12-20 19:53:26.736 [info] > git for-each-ref --format=%(refname)%00%(upstream:short)%00%(objectname) refs/heads/master refs/remotes/master [2ms]
2022-12-20 19:53:26.743 [info] > git rev-list --left-right --count master...origin/master [0ms]
2022-12-20 19:53:26.754 [info] > git status -z -uall [6ms]
2022-12-20 19:53:26.754 [info] > git for-each-ref --sort -committerdate --format %(refname) %(objectname) %(*objectname) [1ms]
2022-12-20 19:53:26.853 [info] > git ls-files --stage -- /root/task1/website.yml [1ms]
2022-12-20 19:53:26.860 [info] > git cat-file -s 402e831bf6cd428014df3938d25872f6aa457f92 [1ms]
2022-12-20 19:53:26.903 [info] > git show --textconv :website.yml [0ms]
2022-12-20 20:07:52.044 [info] > git check-ignore -v -z --stdin [1ms]
2022-12-20 20:42:20.363 [info] Log level: Info
2022-12-20 20:42:20.363 [info] Validating found git in: "git"
2022-12-20 20:42:20.363 [info] Using git "1.8.3.1" from "git"
2022-12-20 20:42:20.363 [info] > git rev-parse --show-toplevel [61ms]
2022-12-20 20:42:20.363 [info] > git rev-parse --git-dir --git-common-dir [1ms]
2022-12-20 20:42:20.363 [info] Open repository: /root/task1
2022-12-20 20:42:20.363 [warning] ENOENT: no such file or directory, open '/root/task1/--git-common-dir/config'
2022-12-20 20:42:20.363 [info] > git rev-parse --show-toplevel [13ms]
2022-12-20 20:42:20.364 [info] > git rev-parse --git-dir --git-common-dir [1ms]
2022-12-20 20:42:20.364 [info] Open repository: /root/task1/ansible-task1
2022-12-20 20:42:20.364 [info] > git config --get commit.template [17ms]
2022-12-20 20:42:20.364 [info] > git remote --verbose [23ms]
2022-12-20 20:42:20.364 [warning] ENOENT: no such file or directory, open '/root/task1/ansible-task1/--git-common-dir/config'
2022-12-20 20:42:20.364 [info] > git config --get commit.template [15ms]
2022-12-20 20:42:20.364 [info] > git remote --verbose [21ms]
2022-12-20 20:42:20.364 [info] > git for-each-ref --format=%(refname)%00%(upstream:short)%00%(objectname) refs/heads/master refs/remotes/master [9ms]
2022-12-20 20:42:20.364 [info] > git rev-list --left-right --count master...origin/master [1ms]
2022-12-20 20:42:20.364 [info] > git status -z -uall [15ms]
2022-12-20 20:42:20.364 [info] > git for-each-ref --sort -committerdate --format %(refname) %(objectname) %(*objectname) [8ms]
2022-12-20 20:42:20.364 [info] > git for-each-ref --format=%(refname)%00%(upstream:short)%00%(objectname) refs/heads/master refs/remotes/master [9ms]
2022-12-20 20:42:20.364 [warning] ENOENT: no such file or directory, open '/root/task1/--git-common-dir/config'
2022-12-20 20:42:20.364 [info] > git status -z -uall [17ms]
2022-12-20 20:42:20.364 [info] > git for-each-ref --sort -committerdate --format %(refname) %(objectname) %(*objectname) [14ms]
2022-12-20 20:42:20.364 [info] > git config --get commit.template [4ms]
2022-12-20 20:42:20.364 [info] > git remote --verbose [9ms]
2022-12-20 20:42:20.364 [warning] ENOENT: no such file or directory, open '/root/task1/ansible-task1/--git-common-dir/config'
2022-12-20 20:42:20.364 [info] > git config --get commit.template [1ms]
2022-12-20 20:42:20.364 [info] > git remote --verbose [6ms]
2022-12-20 20:42:20.364 [info] > git for-each-ref --format=%(refname)%00%(upstream:short)%00%(objectname) refs/heads/master refs/remotes/master [1ms]
2022-12-20 20:42:20.364 [info] > git rev-list --left-right --count master...origin/master [6ms]
2022-12-20 20:42:20.364 [info] > git status -z -uall [57ms]
2022-12-20 20:42:20.364 [info] > git for-each-ref --sort -committerdate --format %(refname) %(objectname) %(*objectname) [52ms]
2022-12-20 20:42:20.364 [info] > git for-each-ref --format=%(refname)%00%(upstream:short)%00%(objectname) refs/heads/master refs/remotes/master [67ms]
2022-12-20 20:42:20.364 [info] > git status -z -uall [6ms]
2022-12-20 20:42:20.364 [info] > git for-each-ref --sort -committerdate --format %(refname) %(objectname) %(*objectname) [2ms]
2022-12-20 20:42:20.364 [info] > git ls-files --stage -- /root/task1/website.yml [56ms]
2022-12-20 20:42:20.364 [info] > git cat-file -s 402e831bf6cd428014df3938d25872f6aa457f92 [1ms]
2022-12-20 20:42:20.364 [info] > git show --textconv :website.yml [1ms]
2022-12-20 20:42:20.692 [info] > git check-ignore -v -z --stdin [2ms]
2022-12-20 21:25:59.974 [info] Log level: Info
2022-12-20 21:25:59.974 [info] Validating found git in: "git"
2022-12-20 21:25:59.974 [info] Using git "1.8.3.1" from "git"
2022-12-20 21:25:59.974 [info] > git rev-parse --show-toplevel [35ms]
2022-12-20 21:25:59.974 [info] > git rev-parse --git-dir --git-common-dir [3ms]
2022-12-20 21:25:59.974 [info] Open repository: /root/task1
2022-12-20 21:25:59.974 [warning] ENOENT: no such file or directory, open '/root/task1/--git-common-dir/config'
2022-12-20 21:25:59.974 [info] > git rev-parse --show-toplevel [56ms]
2022-12-20 21:25:59.974 [info] > git rev-parse --git-dir --git-common-dir [2ms]
2022-12-20 21:25:59.974 [info] Open repository: /root/task1/ansible-task1
2022-12-20 21:25:59.974 [info] > git config --get commit.template [24ms]
2022-12-20 21:25:59.974 [info] > git remote --verbose [70ms]
2022-12-20 21:25:59.974 [warning] ENOENT: no such file or directory, open '/root/task1/ansible-task1/--git-common-dir/config'
2022-12-20 21:25:59.974 [info] > git config --get commit.template [8ms]
2022-12-20 21:25:59.974 [info] > git remote --verbose [15ms]
2022-12-20 21:25:59.974 [info] > git for-each-ref --format=%(refname)%00%(upstream:short)%00%(objectname) refs/heads/master refs/remotes/master [2ms]
2022-12-20 21:25:59.974 [info] > git rev-list --left-right --count master...origin/master [1ms]
2022-12-20 21:25:59.974 [info] > git status -z -uall [14ms]
2022-12-20 21:25:59.974 [info] > git for-each-ref --sort -committerdate --format %(refname) %(objectname) %(*objectname) [7ms]
2022-12-20 21:25:59.974 [info] > git for-each-ref --format=%(refname)%00%(upstream:short)%00%(objectname) refs/heads/master refs/remotes/master [10ms]
2022-12-20 21:25:59.974 [warning] ENOENT: no such file or directory, open '/root/task1/--git-common-dir/config'
2022-12-20 21:25:59.974 [info] > git status -z -uall [24ms]
2022-12-20 21:25:59.974 [info] > git for-each-ref --sort -committerdate --format %(refname) %(objectname) %(*objectname) [18ms]
2022-12-20 21:25:59.974 [info] > git config --get commit.template [5ms]
2022-12-20 21:25:59.974 [info] > git remote --verbose [12ms]
2022-12-20 21:25:59.974 [warning] ENOENT: no such file or directory, open '/root/task1/ansible-task1/--git-common-dir/config'
2022-12-20 21:25:59.974 [info] > git config --get commit.template [1ms]
2022-12-20 21:25:59.974 [info] > git remote --verbose [7ms]
2022-12-20 21:25:59.974 [info] > git for-each-ref --format=%(refname)%00%(upstream:short)%00%(objectname) refs/heads/master refs/remotes/master [15ms]
2022-12-20 21:25:59.974 [info] > git rev-list --left-right --count master...origin/master [7ms]
2022-12-20 21:25:59.974 [info] > git ls-files --stage -- /root/task1/website.yml [28ms]
2022-12-20 21:25:59.974 [info] > git status -z -uall [14ms]
2022-12-20 21:25:59.974 [info] > git cat-file -s 402e831bf6cd428014df3938d25872f6aa457f92 [2ms]
2022-12-20 21:25:59.974 [info] > git for-each-ref --sort -committerdate --format %(refname) %(objectname) %(*objectname) [9ms]
2022-12-20 21:25:59.974 [info] > git for-each-ref --format=%(refname)%00%(upstream:short)%00%(objectname) refs/heads/master refs/remotes/master [25ms]
2022-12-20 21:25:59.974 [info] > git status -z -uall [13ms]
2022-12-20 21:25:59.974 [info] > git for-each-ref --sort -committerdate --format %(refname) %(objectname) %(*objectname) [8ms]
2022-12-20 21:25:59.974 [info] > git show --textconv :website.yml [1ms]
2022-12-20 21:26:00.307 [info] > git check-ignore -v -z --stdin [2ms]
